2024-07-17:14:32:30,922 INFO     [checkTriggers.py:31] PWD: /afs/cern.ch/work/g/gsaha/public/IPHC/Work/ProduceCmsdbCampaign
2024-07-17:14:32:30,923 INFO     [checkTriggers.py:205] Era: 2022
2024-07-17:14:32:30,923 INFO     [checkTriggers.py:206] Postfix: PostEE
2024-07-17:14:32:30,923 INFO     [checkTriggers.py:212] Trigger details: {'source': '/eos/cms/store/group/phys_higgs/HLepRare/skim_2024_v1/Run3_2022EE', 'targets_mc': ['/WtoLNu_amcatnloFXFX'], 'targets_data': ['/Tau_Run2022E', '/Tau_Run2022F', '/Tau_Run2022G', '/Muon_Run2022E', '/Muon_Run2022F', '/Muon_Run2022G', '/EGamma_Run2022E', '/EGamma_Run2022F', '/EGamma_Run2022G'], 'paths': ['HLT_Ele32_WPTight_Gsf', 'HLT_Ele27_WPTight_Gsf', 'HLT_IsoMu27', 'HLT_IsoMu24', 'HLT_Ele24_eta2p1_WPTight_Gsf_LooseDeepTauPFTauHPS30_eta2p1_CrossL1', 'HLT_IsoMu20_eta2p1_LooseDeepTauPFTauHPS27_eta2p1_CrossL1', 'HLT_DoubleMediumChargedIsoPFTauHPS40_Trk1_eta2p1', 'HLT_DoubleTightChargedIsoPFTauHPS35_Trk1_eta2p1', 'HLT_DoubleMediumDeepTauPFTauHPS35_L2NN_eta2p1']}
2024-07-17:14:32:30,923 INFO     [checkTriggers.py:215] MC targets: ['/eos/cms/store/group/phys_higgs/HLepRare/skim_2024_v1/Run3_2022EE/WtoLNu_amcatnloFXFX']
2024-07-17:14:32:30,923 INFO     [checkTriggers.py:217] DATA targets: ['/eos/cms/store/group/phys_higgs/HLepRare/skim_2024_v1/Run3_2022EE/Tau_Run2022E', '/eos/cms/store/group/phys_higgs/HLepRare/skim_2024_v1/Run3_2022EE/Tau_Run2022F', '/eos/cms/store/group/phys_higgs/HLepRare/skim_2024_v1/Run3_2022EE/Tau_Run2022G', '/eos/cms/store/group/phys_higgs/HLepRare/skim_2024_v1/Run3_2022EE/Muon_Run2022E', '/eos/cms/store/group/phys_higgs/HLepRare/skim_2024_v1/Run3_2022EE/Muon_Run2022F', '/eos/cms/store/group/phys_higgs/HLepRare/skim_2024_v1/Run3_2022EE/Muon_Run2022G', '/eos/cms/store/group/phys_higgs/HLepRare/skim_2024_v1/Run3_2022EE/EGamma_Run2022E', '/eos/cms/store/group/phys_higgs/HLepRare/skim_2024_v1/Run3_2022EE/EGamma_Run2022F', '/eos/cms/store/group/phys_higgs/HLepRare/skim_2024_v1/Run3_2022EE/EGamma_Run2022G']
2024-07-17:14:34:38,609 INFO     [checkTriggers.py:233] 
+--------------------------------------------------------------------+----+---------------+---------------+---------------+----------------+----------------+----------------+------------------+------------------+------------------+
|                                HLT                                 | MC | /Tau_Run2022E | /Tau_Run2022F | /Tau_Run2022G | /Muon_Run2022E | /Muon_Run2022F | /Muon_Run2022G | /EGamma_Run2022E | /EGamma_Run2022F | /EGamma_Run2022G |
+--------------------------------------------------------------------+----+---------------+---------------+---------------+----------------+----------------+----------------+------------------+------------------+------------------+
|                       HLT_Ele32_WPTight_Gsf                        | √  |       √       |       √       |       √       |       √        |       √        |       √        |        √         |        √         |        √         |
|                       HLT_Ele27_WPTight_Gsf                        | √  |       √       |       √       |       √       |       √        |       √        |       √        |        √         |        √         |        √         |
|                            HLT_IsoMu27                             | √  |       √       |       √       |       √       |       √        |       √        |       √        |        √         |        √         |        √         |
|                            HLT_IsoMu24                             | √  |       √       |       √       |       √       |       √        |       √        |       √        |        √         |        √         |        √         |
| HLT_Ele24_eta2p1_WPTight_Gsf_LooseDeepTauPFTauHPS30_eta2p1_CrossL1 | √  |       √       |       √       |       √       |       √        |       √        |       √        |        √         |        √         |        √         |
|      HLT_IsoMu20_eta2p1_LooseDeepTauPFTauHPS27_eta2p1_CrossL1      | √  |       √       |       √       |       √       |       √        |       √        |       √        |        √         |        √         |        √         |
|          HLT_DoubleMediumChargedIsoPFTauHPS40_Trk1_eta2p1          | √  |       √       |       √       |       √       |       √        |       √        |       √        |        √         |        √         |        √         |
|          HLT_DoubleTightChargedIsoPFTauHPS35_Trk1_eta2p1           | √  |       √       |       √       |       √       |       √        |       √        |       √        |        √         |        √         |        √         |
|           HLT_DoubleMediumDeepTauPFTauHPS35_L2NN_eta2p1            | √  |       √       |       √       |       √       |       √        |       √        |       √        |        √         |        √         |        √         |
+--------------------------------------------------------------------+----+---------------+---------------+---------------+----------------+----------------+----------------+------------------+------------------+------------------+
2024-07-17:14:34:38,609 INFO     [checkTriggers.py:237] encode HLTs
2024-07-17:14:34:38,609 INFO     [checkTriggers.py:240] 0 : HLT_Ele32_WPTight_Gsf
2024-07-17:14:34:38,609 INFO     [checkTriggers.py:240] 1 : HLT_Ele27_WPTight_Gsf
2024-07-17:14:34:38,609 INFO     [checkTriggers.py:240] 2 : HLT_IsoMu27
2024-07-17:14:34:38,609 INFO     [checkTriggers.py:240] 3 : HLT_IsoMu24
2024-07-17:14:34:38,609 INFO     [checkTriggers.py:240] 4 : HLT_Ele24_eta2p1_WPTight_Gsf_LooseDeepTauPFTauHPS30_eta2p1_CrossL1
2024-07-17:14:34:38,609 INFO     [checkTriggers.py:240] 5 : HLT_IsoMu20_eta2p1_LooseDeepTauPFTauHPS27_eta2p1_CrossL1
2024-07-17:14:34:38,609 INFO     [checkTriggers.py:240] 6 : HLT_DoubleMediumChargedIsoPFTauHPS40_Trk1_eta2p1
2024-07-17:14:34:38,609 INFO     [checkTriggers.py:240] 7 : HLT_DoubleTightChargedIsoPFTauHPS35_Trk1_eta2p1
2024-07-17:14:34:38,609 INFO     [checkTriggers.py:240] 8 : HLT_DoubleMediumDeepTauPFTauHPS35_L2NN_eta2p1
2024-07-17:14:34:38,609 INFO     [checkTriggers.py:244] ===> Dataset : /eos/cms/store/group/phys_higgs/HLepRare/skim_2024_v1/Run3_2022EE/Tau_Run2022E
2024-07-17:14:39:20,271 INFO     [checkTriggers.py:282] 
+--------------------------------------------------------------------------------------------------------------------------------------------+
|                                          Tau_Run2022E : 11 files [HLT present? : nSelectedEvents]                                          |
+--------------+----------+--------+---------+------------+-------+----------+----------+------------+----------+-------+-------+------------+
|     File     | from run | to run | nEvents |   HLT_0    | HLT_1 |  HLT_2   |  HLT_3   |   HLT_4    |  HLT_5   | HLT_6 | HLT_7 |   HLT_8    |
+--------------+----------+--------+---------+------------+-------+----------+----------+------------+----------+-------+-------+------------+
| nano_0.root  |  359661  | 360327 | 1705688 | √ : 276950 | √ : 0 | √ : 3903 | √ : 4002 | √ : 240944 | √ : 2985 | √ : 0 | √ : 0 | √ : 849014 |
| nano_1.root  |  359571  | 360296 | 1700226 | √ : 261013 | √ : 0 | √ : 3712 | √ : 3833 | √ : 226952 | √ : 2810 | √ : 0 | √ : 0 | √ : 864424 |
| nano_10.root |  359661  | 360327 | 1196955 | √ : 160100 | √ : 0 | √ : 2335 | √ : 2410 | √ : 136554 | √ : 1814 | √ : 0 | √ : 0 | √ : 619648 |
| nano_2.root  |  359686  | 360327 | 1679854 | √ : 250743 | √ : 0 | √ : 3725 | √ : 3832 | √ : 217181 | √ : 2863 | √ : 0 | √ : 0 | √ : 857056 |
| nano_3.root  |  359685  | 360327 | 1690441 | √ : 253414 | √ : 0 | √ : 3733 | √ : 3839 | √ : 219430 | √ : 2858 | √ : 0 | √ : 0 | √ : 859875 |
| nano_4.root  |  359595  | 360327 | 1679809 | √ : 244932 | √ : 0 | √ : 3550 | √ : 3666 | √ : 207973 | √ : 2736 | √ : 0 | √ : 0 | √ : 853179 |
| nano_5.root  |  359597  | 360327 | 1683253 | √ : 242942 | √ : 0 | √ : 3600 | √ : 3694 | √ : 207917 | √ : 2757 | √ : 0 | √ : 0 | √ : 852497 |
| nano_6.root  |  359356  | 360327 | 1674152 | √ : 241221 | √ : 0 | √ : 3511 | √ : 3613 | √ : 200977 | √ : 2584 | √ : 0 | √ : 0 | √ : 851589 |
| nano_7.root  |  359597  | 360327 | 1667763 | √ : 235852 | √ : 0 | √ : 3578 | √ : 3682 | √ : 203844 | √ : 2743 | √ : 0 | √ : 0 | √ : 857635 |
| nano_8.root  |  359686  | 360327 | 1643738 | √ : 220040 | √ : 0 | √ : 3227 | √ : 3338 | √ : 189706 | √ : 2462 | √ : 0 | √ : 0 | √ : 854682 |
| nano_9.root  |  359693  | 360327 | 1651520 | √ : 213267 | √ : 0 | √ : 3230 | √ : 3342 | √ : 183077 | √ : 2560 | √ : 0 | √ : 0 | √ : 861768 |
+--------------+----------+--------+---------+------------+-------+----------+----------+------------+----------+-------+-------+------------+
2024-07-17:14:39:20,272 INFO     [checkTriggers.py:244] ===> Dataset : /eos/cms/store/group/phys_higgs/HLepRare/skim_2024_v1/Run3_2022EE/Tau_Run2022F
2024-07-17:14:54:41,492 INFO     [checkTriggers.py:282] 
+------------------------------------------------------------------------------------------------------------------------------------------------------+
|                                               Tau_Run2022F : 43 files [HLT present? : nSelectedEvents]                                               |
+--------------+----------+--------+---------+------------+-------+----------+----------+------------+----------+------------+------------+------------+
|     File     | from run | to run | nEvents |   HLT_0    | HLT_1 |  HLT_2   |  HLT_3   |   HLT_4    |  HLT_5   |   HLT_6    |   HLT_7    |   HLT_8    |
+--------------+----------+--------+---------+------------+-------+----------+----------+------------+----------+------------+------------+------------+
| nano_0.root  |  360381  | 362063 | 1652016 | √ : 241128 | √ : 0 | √ : 3651 | √ : 3769 | √ : 202976 | √ : 2736 |  √ : 2330  |  √ : 2337  | √ : 736283 |
| nano_1.root  |  360435  | 361971 | 1659172 | √ : 235892 | √ : 0 | √ : 3682 | √ : 3797 | √ : 198643 | √ : 2811 |  √ : 7339  |  √ : 9223  | √ : 751154 |
| nano_10.root |  360428  | 362148 | 1599434 | √ : 189528 | √ : 0 | √ : 3086 | √ : 3165 | √ : 155698 | √ : 2344 |  √ : 9718  | √ : 12188  | √ : 735898 |
| nano_11.root |  360392  | 362166 | 1603541 | √ : 192177 | √ : 0 | √ : 2964 | √ : 3070 | √ : 158839 | √ : 2279 | √ : 24928  | √ : 31317  | √ : 727289 |
| nano_12.root |  360413  | 362167 | 1603781 | √ : 190133 | √ : 0 | √ : 3031 | √ : 3125 | √ : 157300 | √ : 2305 | √ : 29644  | √ : 37036  | √ : 727096 |
| nano_13.root |  360393  | 362167 | 1603655 | √ : 187361 | √ : 0 | √ : 2988 | √ : 3084 | √ : 154498 | √ : 2323 | √ : 29033  | √ : 36541  | √ : 727087 |
| nano_14.root |  360459  | 362167 | 1606037 | √ : 184727 | √ : 0 | √ : 2958 | √ : 3049 | √ : 152170 | √ : 2236 | √ : 41264  | √ : 51757  | √ : 712928 |
| nano_15.root |  360413  | 362167 | 1612214 | √ : 190936 | √ : 0 | √ : 3097 | √ : 3190 | √ : 158525 | √ : 2387 | √ : 47460  | √ : 59526  | √ : 716431 |
| nano_16.root |  360459  | 362167 | 1609007 | √ : 186161 | √ : 0 | √ : 3022 | √ : 3121 | √ : 154011 | √ : 2319 | √ : 53988  | √ : 67856  | √ : 710883 |
| nano_17.root |  360441  | 362167 | 1608257 | √ : 190741 | √ : 0 | √ : 2979 | √ : 3082 | √ : 158218 | √ : 2255 | √ : 47784  | √ : 60293  | √ : 715856 |
| nano_18.root |  360392  | 362154 | 1610878 | √ : 199270 | √ : 0 | √ : 3245 | √ : 3347 | √ : 165254 | √ : 2439 | √ : 25747  | √ : 32479  | √ : 725761 |
| nano_19.root |  360459  | 362167 | 1605539 | √ : 188767 | √ : 0 | √ : 3125 | √ : 3244 | √ : 156168 | √ : 2381 | √ : 37598  | √ : 47238  | √ : 721885 |
| nano_2.root  |  360459  | 362064 | 1662959 | √ : 233387 | √ : 0 | √ : 3603 | √ : 3716 | √ : 196807 | √ : 2737 |  √ : 3754  |  √ : 4788  | √ : 756586 |
| nano_20.root |  360428  | 362167 | 1605860 | √ : 186836 | √ : 0 | √ : 2997 | √ : 3089 | √ : 154663 | √ : 2275 | √ : 44155  | √ : 55742  | √ : 719332 |
| nano_21.root |  360390  | 362167 | 1611357 | √ : 190376 | √ : 0 | √ : 3093 | √ : 3181 | √ : 157245 | √ : 2349 | √ : 71256  | √ : 89332  | √ : 696746 |
| nano_22.root |  360459  | 362153 | 1611041 | √ : 195026 | √ : 0 | √ : 3141 | √ : 3236 | √ : 162126 | √ : 2353 | √ : 34138  | √ : 43119  | √ : 726512 |
| nano_23.root |  360389  | 362154 | 1613145 | √ : 187692 | √ : 0 | √ : 3155 | √ : 3254 | √ : 155243 | √ : 2403 | √ : 44082  | √ : 55338  | √ : 717699 |
| nano_24.root |  360486  | 362167 | 1609055 | √ : 190511 | √ : 0 | √ : 3030 | √ : 3125 | √ : 158039 | √ : 2307 | √ : 31921  | √ : 40089  | √ : 734380 |
| nano_25.root |  360459  | 362167 | 1610324 | √ : 192639 | √ : 0 | √ : 3101 | √ : 3203 | √ : 159606 | √ : 2399 | √ : 42308  | √ : 53269  | √ : 719284 |
| nano_26.root |  360393  | 362167 | 1609314 | √ : 185527 | √ : 0 | √ : 3081 | √ : 3176 | √ : 153989 | √ : 2354 | √ : 62168  | √ : 78318  | √ : 709270 |
| nano_27.root |  360441  | 362167 | 1613105 | √ : 181265 | √ : 0 | √ : 2936 | √ : 3040 | √ : 149877 | √ : 2229 | √ : 89650  | √ : 112179 | √ : 689943 |
| nano_28.root |  360393  | 362167 | 1606517 | √ : 187623 | √ : 0 | √ : 3112 | √ : 3224 | √ : 154681 | √ : 2405 | √ : 41468  | √ : 52163  | √ : 720094 |
| nano_29.root |  360393  | 362167 | 1617602 | √ : 186041 | √ : 0 | √ : 3122 | √ : 3213 | √ : 154728 | √ : 2365 | √ : 70552  | √ : 88953  | √ : 706012 |
| nano_3.root  |  360460  | 362154 | 1653574 | √ : 206343 | √ : 0 | √ : 3317 | √ : 3421 | √ : 172886 | √ : 2499 | √ : 83886  | √ : 106397 | √ : 681235 |
| nano_30.root |  360400  | 362167 | 1619040 | √ : 183410 | √ : 0 | √ : 2976 | √ : 3082 | √ : 151928 | √ : 2262 | √ : 83831  | √ : 105731 | √ : 695838 |
| nano_31.root |  360390  | 362167 | 1609549 | √ : 184829 | √ : 0 | √ : 3051 | √ : 3159 | √ : 152405 | √ : 2354 | √ : 55196  | √ : 69327  | √ : 715281 |
| nano_32.root |  360413  | 362167 | 1614118 | √ : 180289 | √ : 0 | √ : 2999 | √ : 3089 | √ : 148968 | √ : 2268 | √ : 83198  | √ : 104402 | √ : 694764 |
| nano_33.root |  360400  | 362167 | 1618713 | √ : 170714 | √ : 0 | √ : 2938 | √ : 3027 | √ : 140610 | √ : 2254 | √ : 120444 | √ : 151512 | √ : 663043 |
| nano_34.root |  360393  | 362166 | 1620101 | √ : 173177 | √ : 0 | √ : 2898 | √ : 2992 | √ : 143192 | √ : 2120 | √ : 117962 | √ : 148602 | √ : 673136 |
| nano_35.root |  360390  | 362167 | 1620914 | √ : 166944 | √ : 0 | √ : 2886 | √ : 2976 | √ : 137816 | √ : 2159 | √ : 164252 | √ : 207096 | √ : 633270 |
| nano_36.root |  360795  | 362167 | 1617897 | √ : 161285 | √ : 0 | √ : 2815 | √ : 2902 | √ : 133385 | √ : 2104 | √ : 207499 | √ : 261139 | √ : 600463 |
| nano_37.root |  360393  | 362166 | 1625624 | √ : 161823 | √ : 0 | √ : 2912 | √ : 3023 | √ : 133606 | √ : 2219 | √ : 202187 | √ : 255643 | √ : 608196 |
| nano_38.root |  360491  | 362167 | 1611815 | √ : 152992 | √ : 0 | √ : 2715 | √ : 2803 | √ : 126314 | √ : 2000 | √ : 248062 | √ : 311484 | √ : 564090 |
| nano_39.root |  360438  | 362167 | 1618657 | √ : 148045 | √ : 0 | √ : 2709 | √ : 2778 | √ : 121820 | √ : 1937 | √ : 271375 | √ : 341903 | √ : 549371 |
| nano_4.root  |  360437  | 362167 | 1654772 | √ : 171320 | √ : 0 | √ : 2949 | √ : 3061 | √ : 143427 | √ : 2188 | √ : 219240 | √ : 277930 | √ : 584949 |
| nano_40.root |  360390  | 362166 | 1620694 | √ : 164611 | √ : 0 | √ : 2780 | √ : 2874 | √ : 135906 | √ : 2097 | √ : 178639 | √ : 223912 | √ : 618983 |
| nano_41.root |  360390  | 362166 | 1598984 | √ : 183926 | √ : 0 | √ : 3146 | √ : 3236 | √ : 152706 | √ : 2335 | √ : 97402  | √ : 122183 | √ : 671481 |
| nano_42.root |  360439  | 362161 |  426707 | √ : 49233  | √ : 0 | √ : 861  | √ : 879  | √ : 40958  | √ : 664  | √ : 25637  | √ : 32146  | √ : 181640 |
| nano_5.root  |  360400  | 362167 | 1652890 | √ : 171616 | √ : 0 | √ : 2971 | √ : 3078 | √ : 142946 | √ : 2140 | √ : 222856 | √ : 282171 | √ : 580273 |
| nano_6.root  |  360428  | 362161 | 1653394 | √ : 172042 | √ : 0 | √ : 2917 | √ : 3016 | √ : 142694 | √ : 2169 | √ : 239653 | √ : 302135 | √ : 574914 |
| nano_7.root  |  360391  | 362166 | 1626716 | √ : 174886 | √ : 0 | √ : 3030 | √ : 3125 | √ : 144550 | √ : 2298 | √ : 105731 | √ : 131596 | √ : 657963 |
| nano_8.root  |  360432  | 362163 | 1626958 | √ : 189206 | √ : 0 | √ : 3010 | √ : 3102 | √ : 156801 | √ : 2300 | √ : 44818  | √ : 56905  | √ : 706014 |
| nano_9.root  |  360390  | 362148 | 1620109 | √ : 191752 | √ : 0 | √ : 3153 | √ : 3245 | √ : 158878 | √ : 2412 | √ : 50009  | √ : 62239  | √ : 704733 |
+--------------+----------+--------+---------+------------+-------+----------+----------+------------+----------+------------+------------+------------+
2024-07-17:14:54:41,493 INFO     [checkTriggers.py:244] ===> Dataset : /eos/cms/store/group/phys_higgs/HLepRare/skim_2024_v1/Run3_2022EE/Tau_Run2022G
2024-07-17:14:57:26,392 INFO     [checkTriggers.py:282] 
+-------------------------------------------------------------------------------------------------------------------------------------------+
|                                          Tau_Run2022G : 7 files [HLT present? : nSelectedEvents]                                          |
+-------------+----------+--------+---------+------------+-------+----------+----------+------------+----------+-------+-------+------------+
|     File    | from run | to run | nEvents |   HLT_0    | HLT_1 |  HLT_2   |  HLT_3   |   HLT_4    |  HLT_5   | HLT_6 | HLT_7 |   HLT_8    |
+-------------+----------+--------+---------+------------+-------+----------+----------+------------+----------+-------+-------+------------+
| nano_0.root |  362435  | 362760 | 1614464 | √ : 216118 | √ : 0 | √ : 3393 | √ : 3505 | √ : 180207 | √ : 2614 | √ : 0 | √ : 0 | √ : 737812 |
| nano_1.root |  362437  | 362760 | 1584422 | √ : 197636 | √ : 0 | √ : 3263 | √ : 3364 | √ : 162640 | √ : 2486 | √ : 0 | √ : 0 | √ : 731035 |
| nano_2.root |  362439  | 362760 | 1592632 | √ : 200446 | √ : 0 | √ : 3254 | √ : 3372 | √ : 165418 | √ : 2566 | √ : 0 | √ : 0 | √ : 734737 |
| nano_3.root |  362439  | 362760 | 1578587 | √ : 196468 | √ : 0 | √ : 3318 | √ : 3429 | √ : 162057 | √ : 2560 | √ : 0 | √ : 0 | √ : 729714 |
| nano_4.root |  362439  | 362760 | 1595547 | √ : 196930 | √ : 0 | √ : 3171 | √ : 3269 | √ : 162788 | √ : 2478 | √ : 0 | √ : 0 | √ : 735971 |
| nano_5.root |  362439  | 362760 | 1589631 | √ : 192320 | √ : 0 | √ : 3149 | √ : 3265 | √ : 157676 | √ : 2471 | √ : 0 | √ : 0 | √ : 739258 |
| nano_6.root |  362433  | 362760 |  841208 | √ : 99881  | √ : 0 | √ : 1624 | √ : 1673 | √ : 82019  | √ : 1275 | √ : 0 | √ : 0 | √ : 387334 |
+-------------+----------+--------+---------+------------+-------+----------+----------+------------+----------+-------+-------+------------+
2024-07-17:14:57:26,392 INFO     [checkTriggers.py:244] ===> Dataset : /eos/cms/store/group/phys_higgs/HLepRare/skim_2024_v1/Run3_2022EE/Muon_Run2022E
2024-07-17:15:18:45,345 INFO     [checkTriggers.py:282] 
+-------------------------------------------------------------------------------------------------------------------------------------------+
|                                         Muon_Run2022E : 29 files [HLT present? : nSelectedEvents]                                         |
+--------------+----------+--------+---------+----------+-------+------------+-------------+---------+-----------+-------+-------+----------+
|     File     | from run | to run | nEvents |  HLT_0   | HLT_1 |   HLT_2    |    HLT_3    |  HLT_4  |   HLT_5   | HLT_6 | HLT_7 |  HLT_8   |
+--------------+----------+--------+---------+----------+-------+------------+-------------+---------+-----------+-------+-------+----------+
| nano_0.root  |  359661  | 360327 | 2195691 | √ : 4466 | √ : 0 | √ : 923952 | √ : 1098078 | √ : 319 | √ : 51084 | √ : 0 | √ : 0 | √ : 1059 |
| nano_1.root  |  359571  | 360296 | 2206662 | √ : 4408 | √ : 0 | √ : 929584 | √ : 1106479 | √ : 346 | √ : 49916 | √ : 0 | √ : 0 | √ : 1105 |
| nano_10.root |  359571  | 360295 | 2177759 | √ : 3849 | √ : 0 | √ : 906090 | √ : 1080729 | √ : 258 | √ : 44351 | √ : 0 | √ : 0 | √ : 1288 |
| nano_11.root |  359661  | 360327 | 2177854 | √ : 3930 | √ : 0 | √ : 917310 | √ : 1094357 | √ : 288 | √ : 44959 | √ : 0 | √ : 0 | √ : 1187 |
| nano_12.root |  359569  | 360327 | 2182729 | √ : 3797 | √ : 0 | √ : 920814 | √ : 1098122 | √ : 284 | √ : 45635 | √ : 0 | √ : 0 | √ : 1174 |
| nano_13.root |  359595  | 360327 | 2181137 | √ : 4027 | √ : 0 | √ : 918163 | √ : 1095129 | √ : 336 | √ : 45602 | √ : 0 | √ : 0 | √ : 1155 |
| nano_14.root |  359569  | 360327 | 2178491 | √ : 3870 | √ : 0 | √ : 922728 | √ : 1100314 | √ : 267 | √ : 45697 | √ : 0 | √ : 0 | √ : 1175 |
| nano_15.root |  359597  | 360327 | 2171703 | √ : 4086 | √ : 0 | √ : 920919 | √ : 1097658 | √ : 332 | √ : 46473 | √ : 0 | √ : 0 | √ : 1246 |
| nano_16.root |  359661  | 360327 | 2178506 | √ : 3886 | √ : 0 | √ : 921953 | √ : 1099349 | √ : 276 | √ : 45933 | √ : 0 | √ : 0 | √ : 1198 |
| nano_17.root |  359602  | 360327 | 2180604 | √ : 4008 | √ : 0 | √ : 920534 | √ : 1097278 | √ : 280 | √ : 45943 | √ : 0 | √ : 0 | √ : 1206 |
| nano_18.root |  359568  | 360296 | 2178127 | √ : 3955 | √ : 0 | √ : 912954 | √ : 1089135 | √ : 293 | √ : 46050 | √ : 0 | √ : 0 | √ : 1168 |
| nano_19.root |  359575  | 360327 | 2178719 | √ : 3971 | √ : 0 | √ : 914947 | √ : 1091453 | √ : 281 | √ : 45751 | √ : 0 | √ : 0 | √ : 1227 |
| nano_2.root  |  359685  | 360296 | 2195208 | √ : 4393 | √ : 0 | √ : 934844 | √ : 1112083 | √ : 299 | √ : 50061 | √ : 0 | √ : 0 | √ : 1123 |
| nano_20.root |  359686  | 360327 | 2172814 | √ : 3842 | √ : 0 | √ : 913855 | √ : 1090553 | √ : 305 | √ : 45224 | √ : 0 | √ : 0 | √ : 1269 |
| nano_21.root |  359661  | 360327 | 2170492 | √ : 3957 | √ : 0 | √ : 914598 | √ : 1091454 | √ : 286 | √ : 45004 | √ : 0 | √ : 0 | √ : 1196 |
| nano_22.root |  359569  | 360327 | 2163568 | √ : 3846 | √ : 0 | √ : 904772 | √ : 1079962 | √ : 296 | √ : 44441 | √ : 0 | √ : 0 | √ : 1262 |
| nano_23.root |  359569  | 360327 | 2156790 | √ : 3794 | √ : 0 | √ : 899073 | √ : 1073793 | √ : 265 | √ : 43563 | √ : 0 | √ : 0 | √ : 1236 |
| nano_24.root |  359571  | 360327 | 2156193 | √ : 3713 | √ : 0 | √ : 901765 | √ : 1076996 | √ : 295 | √ : 42915 | √ : 0 | √ : 0 | √ : 1274 |
| nano_25.root |  359356  | 360327 | 2155479 | √ : 3624 | √ : 0 | √ : 903403 | √ : 1078360 | √ : 281 | √ : 41795 | √ : 0 | √ : 0 | √ : 1227 |
| nano_26.root |  359685  | 360327 | 2142825 | √ : 3758 | √ : 0 | √ : 901619 | √ : 1075575 | √ : 280 | √ : 42762 | √ : 0 | √ : 0 | √ : 1201 |
| nano_27.root |  359685  | 360327 | 2146274 | √ : 3771 | √ : 0 | √ : 901759 | √ : 1076854 | √ : 256 | √ : 42625 | √ : 0 | √ : 0 | √ : 1210 |
| nano_28.root |  359686  | 360327 | 1715181 | √ : 3016 | √ : 0 | √ : 719953 |  √ : 858467 | √ : 222 | √ : 35178 | √ : 0 | √ : 0 | √ : 1004 |
| nano_3.root  |  359691  | 360327 | 2197274 | √ : 4340 | √ : 0 | √ : 923827 | √ : 1099938 | √ : 323 | √ : 48840 | √ : 0 | √ : 0 | √ : 1158 |
| nano_4.root  |  359693  | 360327 | 2196391 | √ : 3942 | √ : 0 | √ : 899217 | √ : 1072251 | √ : 255 | √ : 46974 | √ : 0 | √ : 0 | √ : 1097 |
| nano_5.root  |  359602  | 360327 | 2189007 | √ : 3928 | √ : 0 | √ : 914800 | √ : 1090214 | √ : 261 | √ : 46091 | √ : 0 | √ : 0 | √ : 1157 |
| nano_6.root  |  359595  | 360327 | 2190087 | √ : 3941 | √ : 0 | √ : 914892 | √ : 1091355 | √ : 300 | √ : 46284 | √ : 0 | √ : 0 | √ : 1189 |
| nano_7.root  |  359686  | 360327 | 2170212 | √ : 3697 | √ : 0 | √ : 908990 | √ : 1083845 | √ : 283 | √ : 44260 | √ : 0 | √ : 0 | √ : 1354 |
| nano_8.root  |  359597  | 360327 | 2175397 | √ : 3886 | √ : 0 | √ : 912569 | √ : 1088324 | √ : 293 | √ : 44329 | √ : 0 | √ : 0 | √ : 1189 |
| nano_9.root  |  359685  | 360296 | 2171503 | √ : 3901 | √ : 0 | √ : 919959 | √ : 1097809 | √ : 280 | √ : 44812 | √ : 0 | √ : 0 | √ : 1190 |
+--------------+----------+--------+---------+----------+-------+------------+-------------+---------+-----------+-------+-------+----------+
2024-07-17:15:18:45,345 INFO     [checkTriggers.py:244] ===> Dataset : /eos/cms/store/group/phys_higgs/HLepRare/skim_2024_v1/Run3_2022EE/Muon_Run2022F
2024-07-17:16:02:05,342 INFO     [checkTriggers.py:282] 
+------------------------------------------------------------------------------------------------------------------------------------------------+
|                                           Muon_Run2022F : 102 files [HLT present? : nSelectedEvents]                                           |
+---------------+----------+--------+---------+----------+-------+------------+-------------+---------+-----------+---------+---------+----------+
|      File     | from run | to run | nEvents |  HLT_0   | HLT_1 |   HLT_2    |    HLT_3    |  HLT_4  |   HLT_5   |  HLT_6  |  HLT_7  |  HLT_8   |
+---------------+----------+--------+---------+----------+-------+------------+-------------+---------+-----------+---------+---------+----------+
|  nano_0.root  |  360442  | 362154 | 2144897 | √ : 3177 | √ : 0 | √ : 750802 |  √ : 895013 | √ : 203 | √ : 38383 |  √ : 95 |  √ : 92 | √ : 1149 |
|  nano_1.root  |  360459  | 362148 | 2153745 | √ : 3933 | √ : 0 | √ : 862765 | √ : 1027058 | √ : 268 | √ : 44708 | √ : 160 | √ : 150 | √ : 1043 |
|  nano_10.root |  360428  | 362167 | 2140745 | √ : 3392 | √ : 0 | √ : 886689 | √ : 1058639 | √ : 241 | √ : 40397 | √ : 129 | √ : 109 | √ : 1104 |
| nano_100.root |  360393  | 362167 | 2113163 | √ : 3128 | √ : 0 | √ : 876846 | √ : 1047482 | √ : 201 | √ : 39749 | √ : 146 | √ : 141 | √ : 1223 |
| nano_101.root |  360413  | 362167 |  688463 | √ : 1044 | √ : 0 | √ : 284283 |  √ : 339624 | √ : 100 | √ : 12672 |  √ : 89 |  √ : 77 | √ : 403  |
|  nano_11.root |  360441  | 362167 | 2137685 | √ : 3246 | √ : 0 | √ : 885624 | √ : 1057788 | √ : 234 | √ : 40719 | √ : 156 | √ : 155 | √ : 1206 |
|  nano_12.root |  360400  | 362167 | 2145204 | √ : 3430 | √ : 0 | √ : 883365 | √ : 1054872 | √ : 239 | √ : 41345 |  √ : 88 |  √ : 92 | √ : 1181 |
|  nano_13.root |  360390  | 362167 | 2134352 | √ : 3286 | √ : 0 | √ : 875896 | √ : 1045211 | √ : 244 | √ : 39760 |  √ : 71 |  √ : 71 | √ : 1179 |
|  nano_14.root |  360390  | 362167 | 2140032 | √ : 3324 | √ : 0 | √ : 886625 | √ : 1057585 | √ : 260 | √ : 41145 |  √ : 94 |  √ : 90 | √ : 1157 |
|  nano_15.root |  360438  | 362167 | 2150833 | √ : 3308 | √ : 0 | √ : 877741 | √ : 1048050 | √ : 227 | √ : 40924 | √ : 181 | √ : 155 | √ : 1131 |
|  nano_16.root |  360393  | 362167 | 2145148 | √ : 3493 | √ : 0 | √ : 889556 | √ : 1061444 | √ : 256 | √ : 41548 | √ : 107 | √ : 111 | √ : 1171 |
|  nano_17.root |  360441  | 362161 | 2146000 | √ : 3376 | √ : 0 | √ : 888113 | √ : 1060630 | √ : 242 | √ : 41137 | √ : 147 | √ : 145 | √ : 1078 |
|  nano_18.root |  360435  | 362167 | 2142600 | √ : 3327 | √ : 0 | √ : 891924 | √ : 1065351 | √ : 260 | √ : 41223 | √ : 125 | √ : 128 | √ : 1172 |
|  nano_19.root |  360428  | 362167 | 2144328 | √ : 3313 | √ : 0 | √ : 895315 | √ : 1068679 | √ : 259 | √ : 41356 | √ : 113 | √ : 108 | √ : 1137 |
|  nano_2.root  |  360459  | 362064 | 2165948 | √ : 4115 | √ : 0 | √ : 908932 | √ : 1083683 | √ : 289 | √ : 47052 |  √ : 84 |  √ : 78 | √ : 1068 |
|  nano_20.root |  360413  | 362167 | 2145573 | √ : 3363 | √ : 0 | √ : 889821 | √ : 1062245 | √ : 245 | √ : 41174 | √ : 121 | √ : 145 | √ : 1203 |
|  nano_21.root |  360400  | 362154 | 2139012 | √ : 3357 | √ : 0 | √ : 884602 | √ : 1056121 | √ : 235 | √ : 41127 |  √ : 36 |  √ : 29 | √ : 1113 |
|  nano_22.root |  360459  | 362167 | 2147045 | √ : 3272 | √ : 0 | √ : 877408 | √ : 1047182 | √ : 231 | √ : 40198 | √ : 105 | √ : 110 | √ : 1129 |
|  nano_23.root |  360393  | 362167 | 2141221 | √ : 3477 | √ : 0 | √ : 890504 | √ : 1063132 | √ : 237 | √ : 41352 | √ : 100 | √ : 105 | √ : 1170 |
|  nano_24.root |  360459  | 362154 | 2135152 | √ : 3291 | √ : 0 | √ : 886855 | √ : 1059275 | √ : 233 | √ : 40835 | √ : 161 | √ : 166 | √ : 1150 |
|  nano_25.root |  360428  | 362166 | 2144172 | √ : 3540 | √ : 0 | √ : 899350 | √ : 1073717 | √ : 247 | √ : 42106 | √ : 148 | √ : 151 | √ : 1186 |
|  nano_26.root |  360393  | 362166 | 2133014 | √ : 3345 | √ : 0 | √ : 890362 | √ : 1062745 | √ : 249 | √ : 41089 | √ : 135 | √ : 127 | √ : 1147 |
|  nano_27.root |  360389  | 362161 | 2152177 | √ : 3452 | √ : 0 | √ : 889716 | √ : 1062210 | √ : 253 | √ : 41837 | √ : 160 | √ : 158 | √ : 1142 |
|  nano_28.root |  360400  | 362167 | 2137535 | √ : 3400 | √ : 0 | √ : 887627 | √ : 1059847 | √ : 225 | √ : 41289 | √ : 127 | √ : 120 | √ : 1170 |
|  nano_29.root |  360393  | 362167 | 2138770 | √ : 3402 | √ : 0 | √ : 894213 | √ : 1067484 | √ : 271 | √ : 41927 | √ : 176 | √ : 161 | √ : 1249 |
|  nano_3.root  |  360393  | 362091 | 2168098 | √ : 3895 | √ : 0 | √ : 901873 | √ : 1075209 | √ : 281 | √ : 45208 |  √ : 96 | √ : 102 | √ : 1114 |
|  nano_30.root |  360437  | 362166 | 2141005 | √ : 3381 | √ : 0 | √ : 888948 | √ : 1061108 | √ : 235 | √ : 41345 | √ : 162 | √ : 150 | √ : 1179 |
|  nano_31.root |  360390  | 362154 | 2131074 | √ : 3431 | √ : 0 | √ : 887402 | √ : 1058584 | √ : 259 | √ : 40846 |  √ : 92 |  √ : 80 | √ : 1222 |
|  nano_32.root |  360441  | 362167 | 2141234 | √ : 3340 | √ : 0 | √ : 885527 | √ : 1056867 | √ : 235 | √ : 40876 | √ : 138 | √ : 152 | √ : 1123 |
|  nano_33.root |  360442  | 362167 | 2135665 | √ : 3334 | √ : 0 | √ : 891470 | √ : 1063453 | √ : 247 | √ : 41251 | √ : 149 | √ : 148 | √ : 1192 |
|  nano_34.root |  360459  | 362167 | 2136912 | √ : 3492 | √ : 0 | √ : 893142 | √ : 1066108 | √ : 257 | √ : 41997 | √ : 136 | √ : 119 | √ : 1244 |
|  nano_35.root |  360393  | 362167 | 2136364 | √ : 3398 | √ : 0 | √ : 890325 | √ : 1062903 | √ : 258 | √ : 41027 | √ : 148 | √ : 135 | √ : 1174 |
|  nano_36.root |  360390  | 362160 | 2139944 | √ : 3411 | √ : 0 | √ : 890482 | √ : 1062395 | √ : 265 | √ : 41997 |  √ : 95 |  √ : 81 | √ : 1215 |
|  nano_37.root |  360392  | 362154 | 2138145 | √ : 3446 | √ : 0 | √ : 890704 | √ : 1063110 | √ : 262 | √ : 41063 | √ : 135 | √ : 148 | √ : 1190 |
|  nano_38.root |  360435  | 362161 | 2136423 | √ : 3466 | √ : 0 | √ : 891118 | √ : 1062616 | √ : 254 | √ : 41288 | √ : 132 | √ : 136 | √ : 1223 |
|  nano_39.root |  360442  | 362166 | 2129381 | √ : 3423 | √ : 0 | √ : 884386 | √ : 1056390 | √ : 252 | √ : 40928 | √ : 170 | √ : 151 | √ : 1155 |
|  nano_4.root  |  360392  | 362107 | 2162138 | √ : 3583 | √ : 0 | √ : 882076 | √ : 1052319 | √ : 251 | √ : 43118 | √ : 102 | √ : 107 | √ : 1074 |
|  nano_40.root |  360459  | 362154 | 2136418 | √ : 3490 | √ : 0 | √ : 890075 | √ : 1061968 | √ : 275 | √ : 40872 |  √ : 99 |  √ : 99 | √ : 1161 |
|  nano_41.root |  360400  | 362167 | 2143799 | √ : 3495 | √ : 0 | √ : 897431 | √ : 1071106 | √ : 258 | √ : 42256 | √ : 145 | √ : 140 | √ : 1149 |
|  nano_42.root |  360428  | 362091 | 2136156 | √ : 3286 | √ : 0 | √ : 872890 | √ : 1042243 | √ : 252 | √ : 40011 | √ : 122 | √ : 124 | √ : 1120 |
|  nano_43.root |  360400  | 362167 | 2139949 | √ : 3532 | √ : 0 | √ : 891513 | √ : 1064779 | √ : 250 | √ : 41595 | √ : 136 | √ : 126 | √ : 1172 |
|  nano_44.root |  360442  | 362167 | 2132651 | √ : 3357 | √ : 0 | √ : 888967 | √ : 1060785 | √ : 268 | √ : 41169 | √ : 151 | √ : 138 | √ : 1143 |
|  nano_45.root |  360441  | 362167 | 2136456 | √ : 3325 | √ : 0 | √ : 889563 | √ : 1062071 | √ : 211 | √ : 40737 | √ : 115 | √ : 110 | √ : 1224 |
|  nano_46.root |  360390  | 362167 | 2129570 | √ : 3217 | √ : 0 | √ : 885427 | √ : 1058418 | √ : 225 | √ : 40334 | √ : 128 | √ : 122 | √ : 1199 |
|  nano_47.root |  360400  | 362167 | 2135605 | √ : 3150 | √ : 0 | √ : 887489 | √ : 1060774 | √ : 216 | √ : 39900 | √ : 185 | √ : 158 | √ : 1142 |
|  nano_48.root |  360390  | 362154 | 2134136 | √ : 3244 | √ : 0 | √ : 883036 | √ : 1054997 | √ : 204 | √ : 40421 | √ : 114 | √ : 117 | √ : 1181 |
|  nano_49.root |  360458  | 362166 | 2134811 | √ : 3336 | √ : 0 | √ : 881795 | √ : 1052180 | √ : 251 | √ : 40315 |  √ : 93 |  √ : 97 | √ : 1178 |
|  nano_5.root  |  360413  | 362166 | 2162656 | √ : 3487 | √ : 0 | √ : 878362 | √ : 1047881 | √ : 241 | √ : 41829 | √ : 102 | √ : 111 | √ : 1134 |
|  nano_50.root |  360390  | 362148 | 2129329 | √ : 3281 | √ : 0 | √ : 881298 | √ : 1052037 | √ : 239 | √ : 40106 |  √ : 79 |  √ : 89 | √ : 1202 |
|  nano_51.root |  360437  | 362167 | 2132464 | √ : 3311 | √ : 0 | √ : 883205 | √ : 1054439 | √ : 237 | √ : 40484 | √ : 119 | √ : 106 | √ : 1180 |
|  nano_52.root |  360795  | 362167 | 2132532 | √ : 3247 | √ : 0 | √ : 887124 | √ : 1059320 | √ : 243 | √ : 40635 | √ : 120 | √ : 127 | √ : 1206 |
|  nano_53.root |  360428  | 362167 | 2123130 | √ : 3138 | √ : 0 | √ : 881209 | √ : 1052909 | √ : 238 | √ : 39331 |  √ : 99 |  √ : 94 | √ : 1206 |
|  nano_54.root |  360393  | 362107 | 2132592 | √ : 3333 | √ : 0 | √ : 878223 | √ : 1049294 | √ : 247 | √ : 39700 | √ : 102 | √ : 106 | √ : 1212 |
|  nano_55.root |  360393  | 362167 | 2129706 | √ : 3276 | √ : 0 | √ : 878113 | √ : 1049280 | √ : 237 | √ : 39781 |  √ : 61 |  √ : 66 | √ : 1249 |
|  nano_56.root |  360490  | 362167 | 2133562 | √ : 3260 | √ : 0 | √ : 885797 | √ : 1058193 | √ : 241 | √ : 39722 | √ : 184 | √ : 191 | √ : 1183 |
|  nano_57.root |  360459  | 362163 | 2131180 | √ : 3211 | √ : 0 | √ : 885877 | √ : 1057586 | √ : 252 | √ : 39636 |  √ : 96 |  √ : 91 | √ : 1258 |
|  nano_58.root |  360459  | 362167 | 2129781 | √ : 3287 | √ : 0 | √ : 883787 | √ : 1054652 | √ : 261 | √ : 39985 | √ : 133 | √ : 134 | √ : 1236 |
|  nano_59.root |  360795  | 362148 | 2125843 | √ : 3131 | √ : 0 | √ : 883353 | √ : 1055489 | √ : 207 | √ : 39391 | √ : 122 | √ : 117 | √ : 1186 |
|  nano_6.root  |  360458  | 362167 | 2141041 | √ : 3372 | √ : 0 | √ : 881847 | √ : 1053789 | √ : 226 | √ : 41030 |  √ : 97 | √ : 104 | √ : 1120 |
|  nano_60.root |  360428  | 362167 | 2124091 | √ : 3190 | √ : 0 | √ : 871245 | √ : 1040988 | √ : 218 | √ : 39121 | √ : 166 | √ : 155 | √ : 1210 |
|  nano_61.root |  360393  | 362166 | 2126696 | √ : 3141 | √ : 0 | √ : 882160 | √ : 1053775 | √ : 223 | √ : 39753 | √ : 200 | √ : 190 | √ : 1162 |
|  nano_62.root |  360391  | 362167 | 2126158 | √ : 3170 | √ : 0 | √ : 879516 | √ : 1050253 | √ : 242 | √ : 39858 | √ : 158 | √ : 153 | √ : 1190 |
|  nano_63.root |  360486  | 362167 | 2128208 | √ : 3147 | √ : 0 | √ : 881801 | √ : 1053371 | √ : 248 | √ : 39588 | √ : 166 | √ : 159 | √ : 1275 |
|  nano_64.root |  360390  | 362167 | 2126021 | √ : 3300 | √ : 0 | √ : 877913 | √ : 1048031 | √ : 249 | √ : 39584 |  √ : 94 |  √ : 83 | √ : 1263 |
|  nano_65.root |  360413  | 362167 | 2129389 | √ : 3153 | √ : 0 | √ : 885524 | √ : 1057516 | √ : 227 | √ : 39499 | √ : 122 | √ : 139 | √ : 1215 |
|  nano_66.root |  360459  | 362167 | 2127059 | √ : 3205 | √ : 0 | √ : 880068 | √ : 1052151 | √ : 241 | √ : 39510 | √ : 127 | √ : 121 | √ : 1221 |
|  nano_67.root |  360390  | 362167 | 2126403 | √ : 3129 | √ : 0 | √ : 880472 | √ : 1052324 | √ : 212 | √ : 39556 | √ : 152 | √ : 146 | √ : 1176 |
|  nano_68.root |  360335  | 362167 | 2122176 | √ : 3183 | √ : 0 | √ : 876835 | √ : 1047518 | √ : 216 | √ : 38971 | √ : 165 | √ : 165 | √ : 1152 |
|  nano_69.root |  360390  | 362167 | 2117883 | √ : 3159 | √ : 0 | √ : 874434 | √ : 1044491 | √ : 238 | √ : 39323 |  √ : 99 |  √ : 91 | √ : 1239 |
|  nano_7.root  |  360393  | 362167 | 2133904 | √ : 3277 | √ : 0 | √ : 887374 | √ : 1059595 | √ : 228 | √ : 40766 |  √ : 55 |  √ : 55 | √ : 1153 |
|  nano_70.root |  360428  | 362167 | 2126019 | √ : 3251 | √ : 0 | √ : 883233 | √ : 1053665 | √ : 223 | √ : 39430 | √ : 165 | √ : 157 | √ : 1232 |
|  nano_71.root |  360440  | 362167 | 2123432 | √ : 3140 | √ : 0 | √ : 881638 | √ : 1052600 | √ : 212 | √ : 39366 | √ : 160 | √ : 163 | √ : 1199 |
|  nano_72.root |  360432  | 362167 | 2109098 | √ : 3111 | √ : 0 | √ : 871940 | √ : 1041660 | √ : 241 | √ : 39188 | √ : 150 | √ : 151 | √ : 1216 |
|  nano_73.root |  360400  | 362167 | 2126919 | √ : 3100 | √ : 0 | √ : 874697 | √ : 1044620 | √ : 238 | √ : 39032 | √ : 165 | √ : 166 | √ : 1299 |
|  nano_74.root |  360428  | 362167 | 2128330 | √ : 3199 | √ : 0 | √ : 879043 | √ : 1050024 | √ : 227 | √ : 39880 | √ : 181 | √ : 166 | √ : 1262 |
|  nano_75.root |  360437  | 362167 | 2127843 | √ : 3159 | √ : 0 | √ : 884001 | √ : 1055681 | √ : 222 | √ : 39988 | √ : 204 | √ : 210 | √ : 1146 |
|  nano_76.root |  360400  | 362167 | 2125538 | √ : 3206 | √ : 0 | √ : 883003 | √ : 1053945 | √ : 216 | √ : 39591 | √ : 228 | √ : 214 | √ : 1199 |
|  nano_77.root |  360428  | 362167 | 2123797 | √ : 3131 | √ : 0 | √ : 878020 | √ : 1048361 | √ : 216 | √ : 39503 | √ : 202 | √ : 202 | √ : 1186 |
|  nano_78.root |  360393  | 362167 | 2119072 | √ : 3197 | √ : 0 | √ : 875822 | √ : 1045974 | √ : 222 | √ : 39578 | √ : 129 | √ : 115 | √ : 1196 |
|  nano_79.root |  360392  | 362167 | 2116747 | √ : 3219 | √ : 0 | √ : 878160 | √ : 1048253 | √ : 236 | √ : 39561 | √ : 205 | √ : 206 | √ : 1171 |
|  nano_8.root  |  360428  | 362167 | 2137381 | √ : 3300 | √ : 0 | √ : 871207 | √ : 1040164 | √ : 230 | √ : 39515 |  √ : 73 |  √ : 65 | √ : 1144 |
|  nano_80.root |  360393  | 362167 | 2112752 | √ : 3262 | √ : 0 | √ : 873993 | √ : 1042889 | √ : 231 | √ : 39671 | √ : 133 | √ : 135 | √ : 1207 |
|  nano_81.root |  360392  | 362166 | 2104355 | √ : 3141 | √ : 0 | √ : 869876 | √ : 1039455 | √ : 209 | √ : 38726 | √ : 132 | √ : 128 | √ : 1138 |
|  nano_82.root |  360393  | 362167 | 2126684 | √ : 3124 | √ : 0 | √ : 880333 | √ : 1051224 | √ : 212 | √ : 39698 | √ : 120 | √ : 129 | √ : 1192 |
|  nano_83.root |  360392  | 362167 | 2122806 | √ : 3254 | √ : 0 | √ : 877485 | √ : 1047414 | √ : 261 | √ : 39356 |  √ : 98 |  √ : 98 | √ : 1200 |
|  nano_84.root |  360390  | 362167 | 2124732 | √ : 3115 | √ : 0 | √ : 882141 | √ : 1054397 | √ : 214 | √ : 39804 | √ : 194 | √ : 192 | √ : 1144 |
|  nano_85.root |  360392  | 362167 | 2119779 | √ : 3194 | √ : 0 | √ : 875907 | √ : 1045151 | √ : 207 | √ : 39459 | √ : 173 | √ : 179 | √ : 1097 |
|  nano_86.root |  360390  | 362166 | 2108782 | √ : 3366 | √ : 0 | √ : 873234 | √ : 1042545 | √ : 256 | √ : 39267 | √ : 201 | √ : 173 | √ : 1212 |
|  nano_87.root |  360393  | 362167 | 2125235 | √ : 3195 | √ : 0 | √ : 882995 | √ : 1054285 | √ : 224 | √ : 40124 | √ : 241 | √ : 250 | √ : 1207 |
|  nano_88.root |  360393  | 362166 | 2121822 | √ : 3281 | √ : 0 | √ : 878683 | √ : 1048485 | √ : 260 | √ : 40077 | √ : 168 | √ : 158 | √ : 1204 |
|  nano_89.root |  360413  | 362166 | 2111335 | √ : 3283 | √ : 0 | √ : 872793 | √ : 1041676 | √ : 233 | √ : 39537 | √ : 151 | √ : 147 | √ : 1222 |
|  nano_9.root  |  360392  | 362167 | 2139936 | √ : 3391 | √ : 0 | √ : 886449 | √ : 1058210 | √ : 239 | √ : 40479 |  √ : 93 |  √ : 90 | √ : 1144 |
|  nano_90.root |  360390  | 362167 | 2124784 | √ : 3253 | √ : 0 | √ : 877826 | √ : 1048225 | √ : 218 | √ : 39696 | √ : 163 | √ : 152 | √ : 1229 |
|  nano_91.root |  360390  | 362167 | 2115186 | √ : 3181 | √ : 0 | √ : 871380 | √ : 1039230 | √ : 248 | √ : 39335 | √ : 142 | √ : 135 | √ : 1222 |
|  nano_92.root |  360391  | 362167 | 2115225 | √ : 3332 | √ : 0 | √ : 868327 | √ : 1036541 | √ : 220 | √ : 38857 | √ : 127 | √ : 130 | √ : 1184 |
|  nano_93.root |  360390  | 362167 | 2127410 | √ : 3136 | √ : 0 | √ : 877628 | √ : 1047641 | √ : 232 | √ : 38977 |  √ : 56 |  √ : 62 | √ : 1221 |
|  nano_94.root |  360393  | 362154 | 2113775 | √ : 3177 | √ : 0 | √ : 869856 | √ : 1039100 | √ : 227 | √ : 38738 | √ : 102 |  √ : 93 | √ : 1228 |
|  nano_95.root |  360459  | 362167 | 2125709 | √ : 3187 | √ : 0 | √ : 881813 | √ : 1053333 | √ : 230 | √ : 39288 | √ : 108 | √ : 102 | √ : 1163 |
|  nano_96.root |  360390  | 362154 | 2114372 | √ : 3144 | √ : 0 | √ : 877874 | √ : 1048168 | √ : 241 | √ : 39258 | √ : 140 | √ : 131 | √ : 1122 |
|  nano_97.root |  360381  | 362167 | 2121343 | √ : 3259 | √ : 0 | √ : 853086 | √ : 1017758 | √ : 252 | √ : 39091 |  √ : 89 |  √ : 91 | √ : 1203 |
|  nano_98.root |  360459  | 362167 | 2120425 | √ : 3223 | √ : 0 | √ : 871156 | √ : 1040322 | √ : 216 | √ : 39276 |  √ : 74 |  √ : 69 | √ : 1219 |
|  nano_99.root |  360393  | 362167 | 2126634 | √ : 3296 | √ : 0 | √ : 883646 | √ : 1054681 | √ : 234 | √ : 41018 | √ : 192 | √ : 190 | √ : 1146 |
+---------------+----------+--------+---------+----------+-------+------------+-------------+---------+-----------+---------+---------+----------+
2024-07-17:16:02:05,343 INFO     [checkTriggers.py:244] ===> Dataset : /eos/cms/store/group/phys_higgs/HLepRare/skim_2024_v1/Run3_2022EE/Muon_Run2022G
2024-07-17:16:19:48,403 INFO     [checkTriggers.py:282] 
+-------------------------------------------------------------------------------------------------------------------------------------------+
|                                         Muon_Run2022G : 18 files [HLT present? : nSelectedEvents]                                         |
+--------------+----------+--------+---------+----------+-------+------------+-------------+---------+-----------+-------+-------+----------+
|     File     | from run | to run | nEvents |  HLT_0   | HLT_1 |   HLT_2    |    HLT_3    |  HLT_4  |   HLT_5   | HLT_6 | HLT_7 |  HLT_8   |
+--------------+----------+--------+---------+----------+-------+------------+-------------+---------+-----------+-------+-------+----------+
| nano_0.root  |  362433  | 362760 | 2150301 | √ : 3366 | √ : 0 | √ : 869366 | √ : 1038926 | √ : 208 | √ : 41071 | √ : 0 | √ : 0 | √ : 1059 |
| nano_1.root  |  362439  | 362760 | 2138503 | √ : 3217 | √ : 0 | √ : 886570 | √ : 1059778 | √ : 218 | √ : 39705 | √ : 0 | √ : 0 | √ : 1162 |
| nano_10.root |  362437  | 362760 | 2133753 | √ : 3131 | √ : 0 | √ : 892475 | √ : 1066550 | √ : 194 | √ : 39310 | √ : 0 | √ : 0 | √ : 1120 |
| nano_11.root |  362437  | 362760 | 2125751 | √ : 3057 | √ : 0 | √ : 890398 | √ : 1064256 | √ : 228 | √ : 39567 | √ : 0 | √ : 0 | √ : 1166 |
| nano_12.root |  362439  | 362760 | 2132504 | √ : 3048 | √ : 0 | √ : 893440 | √ : 1067438 | √ : 210 | √ : 39388 | √ : 0 | √ : 0 | √ : 1194 |
| nano_13.root |  362362  | 362760 | 2144080 | √ : 3081 | √ : 0 | √ : 894451 | √ : 1069748 | √ : 213 | √ : 39647 | √ : 0 | √ : 0 | √ : 1165 |
| nano_14.root |  362437  | 362760 | 2117399 | √ : 2964 | √ : 0 | √ : 878811 | √ : 1050244 | √ : 192 | √ : 37954 | √ : 0 | √ : 0 | √ : 1164 |
| nano_15.root |  362437  | 362760 | 2117695 | √ : 2896 | √ : 0 | √ : 876562 | √ : 1047915 | √ : 179 | √ : 37935 | √ : 0 | √ : 0 | √ : 1205 |
| nano_16.root |  362439  | 362760 | 2125757 | √ : 3125 | √ : 0 | √ : 890573 | √ : 1065523 | √ : 204 | √ : 39402 | √ : 0 | √ : 0 | √ : 1143 |
| nano_17.root |  362433  | 362760 | 1311710 | √ : 1965 | √ : 0 | √ : 548295 |  √ : 655552 | √ : 121 | √ : 24325 | √ : 0 | √ : 0 | √ : 727  |
| nano_2.root  |  362433  | 362760 | 2131186 | √ : 3021 | √ : 0 | √ : 881465 | √ : 1054463 | √ : 212 | √ : 39091 | √ : 0 | √ : 0 | √ : 1093 |
| nano_3.root  |  362439  | 362760 | 2144453 | √ : 3134 | √ : 0 | √ : 896329 | √ : 1071969 | √ : 227 | √ : 40441 | √ : 0 | √ : 0 | √ : 1186 |
| nano_4.root  |  362439  | 362760 | 2143267 | √ : 3072 | √ : 0 | √ : 896934 | √ : 1072269 | √ : 207 | √ : 40546 | √ : 0 | √ : 0 | √ : 1162 |
| nano_5.root  |  362437  | 362760 | 2143324 | √ : 3222 | √ : 0 | √ : 903376 | √ : 1079474 | √ : 215 | √ : 41423 | √ : 0 | √ : 0 | √ : 1132 |
| nano_6.root  |  362435  | 362760 | 2143837 | √ : 3061 | √ : 0 | √ : 895176 | √ : 1069636 | √ : 218 | √ : 39651 | √ : 0 | √ : 0 | √ : 1137 |
| nano_7.root  |  362437  | 362760 | 2146581 | √ : 3148 | √ : 0 | √ : 900793 | √ : 1076693 | √ : 213 | √ : 40616 | √ : 0 | √ : 0 | √ : 1119 |
| nano_8.root  |  362433  | 362760 | 2140198 | √ : 3155 | √ : 0 | √ : 897186 | √ : 1072089 | √ : 225 | √ : 39633 | √ : 0 | √ : 0 | √ : 1189 |
| nano_9.root  |  362433  | 362760 | 2136988 | √ : 2953 | √ : 0 | √ : 893185 | √ : 1067599 | √ : 211 | √ : 39712 | √ : 0 | √ : 0 | √ : 1139 |
+--------------+----------+--------+---------+----------+-------+------------+-------------+---------+-----------+-------+-------+----------+
2024-07-17:16:19:48,404 INFO     [checkTriggers.py:244] ===> Dataset : /eos/cms/store/group/phys_higgs/HLepRare/skim_2024_v1/Run3_2022EE/EGamma_Run2022E
2024-07-17:16:54:18,805 INFO     [checkTriggers.py:282] 
+-------------------------------------------------------------------------------------------------------------------------------------------+
|                                        EGamma_Run2022E : 31 files [HLT present? : nSelectedEvents]                                        |
+--------------+----------+--------+---------+------------+-------+----------+----------+------------+----------+-------+-------+-----------+
|     File     | from run | to run | nEvents |   HLT_0    | HLT_1 |  HLT_2   |  HLT_3   |   HLT_4    |  HLT_5   | HLT_6 | HLT_7 |   HLT_8   |
+--------------+----------+--------+---------+------------+-------+----------+----------+------------+----------+-------+-------+-----------+
| nano_0.root  |  359661  | 360131 | 1808726 | √ : 778274 | √ : 0 | √ : 2964 | √ : 3177 | √ : 121037 | √ : 2103 | √ : 0 | √ : 0 | √ : 79747 |
| nano_1.root  |  359569  | 360296 | 1803035 | √ : 774049 | √ : 0 | √ : 2884 | √ : 3095 | √ : 117588 | √ : 2112 | √ : 0 | √ : 0 | √ : 78987 |
| nano_10.root |  359569  | 360327 | 1773181 | √ : 767683 | √ : 0 | √ : 2687 | √ : 2895 | √ : 107032 | √ : 1918 | √ : 0 | √ : 0 | √ : 74488 |
| nano_11.root |  359595  | 360327 | 1769939 | √ : 774777 | √ : 0 | √ : 2659 | √ : 2853 | √ : 103597 | √ : 1864 | √ : 0 | √ : 0 | √ : 72743 |
| nano_12.root |  359569  | 360327 | 1774847 | √ : 775072 | √ : 0 | √ : 2559 | √ : 2756 | √ : 106155 | √ : 1806 | √ : 0 | √ : 0 | √ : 73738 |
| nano_13.root |  359595  | 360327 | 1765178 | √ : 773786 | √ : 0 | √ : 2530 | √ : 2720 | √ : 102864 | √ : 1822 | √ : 0 | √ : 0 | √ : 72490 |
| nano_14.root |  359569  | 360327 | 1770979 | √ : 772050 | √ : 0 | √ : 2551 | √ : 2738 | √ : 106196 | √ : 1804 | √ : 0 | √ : 0 | √ : 74373 |
| nano_15.root |  359569  | 360327 | 1772590 | √ : 772615 | √ : 0 | √ : 2666 | √ : 2879 | √ : 105758 | √ : 1869 | √ : 0 | √ : 0 | √ : 74052 |
| nano_16.root |  359595  | 360327 | 1768759 | √ : 774360 | √ : 0 | √ : 2635 | √ : 2814 | √ : 103513 | √ : 1829 | √ : 0 | √ : 0 | √ : 72594 |
| nano_17.root |  359595  | 360327 | 1767485 | √ : 774805 | √ : 0 | √ : 2553 | √ : 2744 | √ : 104560 | √ : 1829 | √ : 0 | √ : 0 | √ : 73578 |
| nano_18.root |  359686  | 360327 | 1775421 | √ : 773001 | √ : 0 | √ : 2594 | √ : 2770 | √ : 102650 | √ : 1748 | √ : 0 | √ : 0 | √ : 72134 |
| nano_19.root |  359575  | 360327 | 1771564 | √ : 774446 | √ : 0 | √ : 2496 | √ : 2677 | √ : 104570 | √ : 1795 | √ : 0 | √ : 0 | √ : 73428 |
| nano_2.root  |  359569  | 360296 | 1795126 | √ : 776946 | √ : 0 | √ : 2875 | √ : 3107 | √ : 115517 | √ : 2107 | √ : 0 | √ : 0 | √ : 77950 |
| nano_20.root |  359575  | 360327 | 1765420 | √ : 769532 | √ : 0 | √ : 2568 | √ : 2758 | √ : 103727 | √ : 1841 | √ : 0 | √ : 0 | √ : 73309 |
| nano_21.root |  359575  | 360327 | 1763530 | √ : 769233 | √ : 0 | √ : 2514 | √ : 2706 | √ : 102583 | √ : 1841 | √ : 0 | √ : 0 | √ : 72451 |
| nano_22.root |  359571  | 360327 | 1756309 | √ : 770658 | √ : 0 | √ : 2517 | √ : 2658 | √ : 100010 | √ : 1776 | √ : 0 | √ : 0 | √ : 71511 |
| nano_23.root |  359569  | 360327 | 1748756 | √ : 765874 | √ : 0 | √ : 2451 | √ : 2633 | √ : 100790 | √ : 1770 | √ : 0 | √ : 0 | √ : 72289 |
| nano_24.root |  359575  | 360327 | 1753765 | √ : 765504 | √ : 0 | √ : 2327 | √ : 2477 | √ : 97098  | √ : 1666 | √ : 0 | √ : 0 | √ : 69611 |
| nano_25.root |  359595  | 360327 | 1753925 | √ : 765191 | √ : 0 | √ : 2472 | √ : 2651 | √ : 98918  | √ : 1703 | √ : 0 | √ : 0 | √ : 70605 |
| nano_26.root |  359575  | 360327 | 1749221 | √ : 763023 | √ : 0 | √ : 2514 | √ : 2689 | √ : 97680  | √ : 1790 | √ : 0 | √ : 0 | √ : 70012 |
| nano_27.root |  359571  | 360327 | 1757926 | √ : 765300 | √ : 0 | √ : 2472 | √ : 2664 | √ : 100132 | √ : 1729 | √ : 0 | √ : 0 | √ : 70976 |
| nano_28.root |  359569  | 360327 | 1754821 | √ : 762231 | √ : 0 | √ : 2476 | √ : 2656 | √ : 100789 | √ : 1754 | √ : 0 | √ : 0 | √ : 71454 |
| nano_29.root |  359571  | 360327 | 1739973 | √ : 756118 | √ : 0 | √ : 2478 | √ : 2675 | √ : 100270 | √ : 1773 | √ : 0 | √ : 0 | √ : 70848 |
| nano_3.root  |  359569  | 360327 | 1788649 | √ : 771585 | √ : 0 | √ : 2688 | √ : 2897 | √ : 113535 | √ : 1914 | √ : 0 | √ : 0 | √ : 77187 |
| nano_30.root |  359571  | 360327 | 1371963 | √ : 597137 | √ : 0 | √ : 1945 | √ : 2091 | √ : 77068  | √ : 1319 | √ : 0 | √ : 0 | √ : 55136 |
| nano_4.root  |  359569  | 360327 | 1785091 | √ : 768686 | √ : 0 | √ : 2685 | √ : 2888 | √ : 112111 | √ : 1972 | √ : 0 | √ : 0 | √ : 76046 |
| nano_5.root  |  359571  | 360327 | 1778206 | √ : 772500 | √ : 0 | √ : 2607 | √ : 2777 | √ : 108050 | √ : 1854 | √ : 0 | √ : 0 | √ : 74608 |
| nano_6.root  |  359356  | 360296 | 1775896 | √ : 772632 | √ : 0 | √ : 2736 | √ : 2936 | √ : 108536 | √ : 1957 | √ : 0 | √ : 0 | √ : 74876 |
| nano_7.root  |  359575  | 360327 | 1778655 | √ : 772660 | √ : 0 | √ : 2638 | √ : 2836 | √ : 108512 | √ : 1858 | √ : 0 | √ : 0 | √ : 74906 |
| nano_8.root  |  359569  | 360327 | 1780749 | √ : 765409 | √ : 0 | √ : 2598 | √ : 2787 | √ : 107883 | √ : 1911 | √ : 0 | √ : 0 | √ : 74247 |
| nano_9.root  |  359571  | 360327 | 1769535 | √ : 771544 | √ : 0 | √ : 2550 | √ : 2726 | √ : 105704 | √ : 1825 | √ : 0 | √ : 0 | √ : 74329 |
+--------------+----------+--------+---------+------------+-------+----------+----------+------------+----------+-------+-------+-----------+
2024-07-17:16:54:18,805 INFO     [checkTriggers.py:244] ===> Dataset : /eos/cms/store/group/phys_higgs/HLepRare/skim_2024_v1/Run3_2022EE/EGamma_Run2022F
2024-07-17:18:02:30,299 INFO     [checkTriggers.py:282] 
+----------------------------------------------------------------------------------------------------------------------------------------------------+
|                                            EGamma_Run2022F : 105 files [HLT present? : nSelectedEvents]                                            |
+---------------+----------+--------+---------+------------+-------+----------+----------+------------+----------+-----------+-----------+-----------+
|      File     | from run | to run | nEvents |   HLT_0    | HLT_1 |  HLT_2   |  HLT_3   |   HLT_4    |  HLT_5   |   HLT_6   |   HLT_7   |   HLT_8   |
+---------------+----------+--------+---------+------------+-------+----------+----------+------------+----------+-----------+-----------+-----------+
|  nano_0.root  |  360459  | 362064 | 1780182 | √ : 759420 | √ : 0 | √ : 2697 | √ : 2855 | √ : 105999 | √ : 1907 |  √ : 6598 |  √ : 7225 | √ : 66544 |
|  nano_1.root  |  360438  | 362154 | 1778033 | √ : 777520 | √ : 0 | √ : 2493 | √ : 2680 | √ : 104105 | √ : 1795 |  √ : 4462 |  √ : 4850 | √ : 67138 |
|  nano_10.root |  360393  | 362091 | 1747938 | √ : 779100 | √ : 0 | √ : 2303 | √ : 2500 | √ : 96189  | √ : 1661 |  √ : 6796 |  √ : 7457 | √ : 64833 |
| nano_100.root |  360390  | 362167 | 1703336 | √ : 750428 | √ : 0 | √ : 2169 | √ : 2325 | √ : 86097  | √ : 1497 |  √ : 6851 |  √ : 7443 | √ : 59931 |
| nano_101.root |  360390  | 362167 | 1704931 | √ : 752602 | √ : 0 | √ : 2195 | √ : 2355 | √ : 86758  | √ : 1494 |  √ : 7285 |  √ : 7865 | √ : 60519 |
| nano_102.root |  360393  | 362167 | 1702578 | √ : 750223 | √ : 0 | √ : 2174 | √ : 2331 | √ : 87184  | √ : 1537 |  √ : 8133 |  √ : 8674 | √ : 60687 |
| nano_103.root |  360390  | 362167 | 1713583 | √ : 761589 | √ : 0 | √ : 2269 | √ : 2429 | √ : 87617  | √ : 1516 | √ : 10393 | √ : 11194 | √ : 61237 |
| nano_104.root |  360393  | 362167 | 1200753 | √ : 535371 | √ : 0 | √ : 1519 | √ : 1612 | √ : 61287  | √ : 1020 |  √ : 5922 |  √ : 6470 | √ : 43049 |
|  nano_11.root |  360392  | 362166 | 1754483 | √ : 782857 | √ : 0 | √ : 2353 | √ : 2529 | √ : 96163  | √ : 1665 |  √ : 8356 |  √ : 9092 | √ : 64738 |
|  nano_12.root |  360435  | 362154 | 1746161 | √ : 782099 | √ : 0 | √ : 2351 | √ : 2501 | √ : 95303  | √ : 1614 | √ : 10602 | √ : 11514 | √ : 64565 |
|  nano_13.root |  360437  | 362167 | 1744731 | √ : 777817 | √ : 0 | √ : 2435 | √ : 2598 | √ : 94431  | √ : 1654 | √ : 10525 | √ : 11345 | √ : 63960 |
|  nano_14.root |  360413  | 362154 | 1750695 | √ : 780200 | √ : 0 | √ : 2486 | √ : 2652 | √ : 94988  | √ : 1773 |  √ : 5058 |  √ : 5511 | √ : 64124 |
|  nano_15.root |  360413  | 362167 | 1749056 | √ : 772141 | √ : 0 | √ : 2386 | √ : 2539 | √ : 93916  | √ : 1701 | √ : 11821 | √ : 12894 | √ : 63723 |
|  nano_16.root |  360413  | 362159 | 1744007 | √ : 779614 | √ : 0 | √ : 2336 | √ : 2497 | √ : 95196  | √ : 1693 |  √ : 8385 |  √ : 9095 | √ : 63908 |
|  nano_17.root |  360413  | 362167 | 1746014 | √ : 770352 | √ : 0 | √ : 2370 | √ : 2573 | √ : 93310  | √ : 1736 |  √ : 8144 |  √ : 8806 | √ : 63463 |
|  nano_18.root |  360459  | 362148 | 1750984 | √ : 782195 | √ : 0 | √ : 2423 | √ : 2592 | √ : 94590  | √ : 1724 |  √ : 7983 |  √ : 8691 | √ : 64209 |
|  nano_19.root |  360390  | 362161 | 1748872 | √ : 784286 | √ : 0 | √ : 2347 | √ : 2496 | √ : 95383  | √ : 1602 | √ : 11866 | √ : 12957 | √ : 64517 |
|  nano_2.root  |  360458  | 362166 | 1739056 | √ : 757189 | √ : 0 | √ : 2298 | √ : 2473 | √ : 94036  | √ : 1612 |  √ : 9077 |  √ : 9792 | √ : 63158 |
|  nano_20.root |  360435  | 362167 | 1744704 | √ : 777248 | √ : 0 | √ : 2493 | √ : 2641 | √ : 95079  | √ : 1717 |  √ : 6388 |  √ : 6897 | √ : 64388 |
|  nano_21.root |  360390  | 362154 | 1745693 | √ : 776756 | √ : 0 | √ : 2353 | √ : 2508 | √ : 93902  | √ : 1642 |  √ : 8745 |  √ : 9436 | √ : 63386 |
|  nano_22.root |  360430  | 362167 | 1747096 | √ : 772174 | √ : 0 | √ : 2371 | √ : 2550 | √ : 92482  | √ : 1734 |  √ : 8463 |  √ : 9163 | √ : 63099 |
|  nano_23.root |  360459  | 362091 | 1745345 | √ : 781898 | √ : 0 | √ : 2339 | √ : 2514 | √ : 94135  | √ : 1646 |  √ : 8019 |  √ : 8656 | √ : 64185 |
|  nano_24.root |  360486  | 362167 | 1743557 | √ : 777569 | √ : 0 | √ : 2380 | √ : 2546 | √ : 93821  | √ : 1620 | √ : 11088 | √ : 11957 | √ : 63684 |
|  nano_25.root |  360393  | 362167 | 1746174 | √ : 776895 | √ : 0 | √ : 2301 | √ : 2466 | √ : 94697  | √ : 1617 | √ : 12147 | √ : 13076 | √ : 63903 |
|  nano_26.root |  360428  | 362167 | 1746125 | √ : 778332 | √ : 0 | √ : 2378 | √ : 2543 | √ : 94846  | √ : 1623 |  √ : 7810 |  √ : 8440 | √ : 64444 |
|  nano_27.root |  360413  | 362167 | 1744899 | √ : 775869 | √ : 0 | √ : 2298 | √ : 2469 | √ : 92609  | √ : 1568 |  √ : 5852 |  √ : 6308 | √ : 63414 |
|  nano_28.root |  360428  | 362167 | 1740233 | √ : 769735 | √ : 0 | √ : 2397 | √ : 2583 | √ : 91861  | √ : 1674 |  √ : 9535 | √ : 10262 | √ : 62933 |
|  nano_29.root |  360390  | 362107 | 1736761 | √ : 774506 | √ : 0 | √ : 2332 | √ : 2489 | √ : 91687  | √ : 1654 |  √ : 5868 |  √ : 6459 | √ : 63151 |
|  nano_3.root  |  360459  | 362167 | 1747800 | √ : 760358 | √ : 0 | √ : 2289 | √ : 2463 | √ : 94573  | √ : 1566 |  √ : 7962 |  √ : 8637 | √ : 63179 |
|  nano_30.root |  360393  | 362148 | 1731939 | √ : 770942 | √ : 0 | √ : 2295 | √ : 2456 | √ : 90551  | √ : 1550 |  √ : 7276 |  √ : 7883 | √ : 62385 |
|  nano_31.root |  360390  | 362167 | 1736168 | √ : 773959 | √ : 0 | √ : 2174 | √ : 2350 | √ : 90299  | √ : 1538 |  √ : 7683 |  √ : 8255 | √ : 62390 |
|  nano_32.root |  360400  | 362167 | 1741344 | √ : 775341 | √ : 0 | √ : 2391 | √ : 2555 | √ : 92290  | √ : 1659 |  √ : 8432 |  √ : 9138 | √ : 62847 |
|  nano_33.root |  360486  | 362167 | 1740977 | √ : 766188 | √ : 0 | √ : 2411 | √ : 2589 | √ : 90257  | √ : 1645 |  √ : 6517 |  √ : 7092 | √ : 61682 |
|  nano_34.root |  360459  | 362153 | 1734948 | √ : 774480 | √ : 0 | √ : 2265 | √ : 2407 | √ : 90558  | √ : 1540 |  √ : 7722 |  √ : 8444 | √ : 61988 |
|  nano_35.root |  360438  | 362166 | 1731357 | √ : 769194 | √ : 0 | √ : 2240 | √ : 2389 | √ : 88944  | √ : 1525 |  √ : 6865 |  √ : 7408 | √ : 61809 |
|  nano_36.root |  360400  | 362167 | 1725684 | √ : 761340 | √ : 0 | √ : 2162 | √ : 2296 | √ : 87206  | √ : 1453 |  √ : 3405 |  √ : 3636 | √ : 61081 |
|  nano_37.root |  360413  | 362154 | 1727731 | √ : 769142 | √ : 0 | √ : 2270 | √ : 2428 | √ : 89210  | √ : 1584 |  √ : 7818 |  √ : 8503 | √ : 61996 |
|  nano_38.root |  360459  | 362167 | 1730621 | √ : 768162 | √ : 0 | √ : 2274 | √ : 2424 | √ : 88421  | √ : 1593 |  √ : 5482 |  √ : 5934 | √ : 61630 |
|  nano_39.root |  360428  | 362104 | 1732410 | √ : 767443 | √ : 0 | √ : 2243 | √ : 2397 | √ : 88751  | √ : 1541 |  √ : 4257 |  √ : 4584 | √ : 61567 |
|  nano_4.root  |  360390  | 362159 | 1746290 | √ : 760474 | √ : 0 | √ : 2340 | √ : 2514 | √ : 93602  | √ : 1646 | √ : 11114 | √ : 12022 | √ : 63259 |
|  nano_40.root |  360390  | 362167 | 1729779 | √ : 766738 | √ : 0 | √ : 2166 | √ : 2333 | √ : 87919  | √ : 1525 |  √ : 8264 |  √ : 8920 | √ : 61199 |
|  nano_41.root |  360400  | 362154 | 1733120 | √ : 766169 | √ : 0 | √ : 2271 | √ : 2442 | √ : 87676  | √ : 1541 |  √ : 7417 |  √ : 7963 | √ : 61451 |
|  nano_42.root |  360460  | 362167 | 1729543 | √ : 765960 | √ : 0 | √ : 2189 | √ : 2361 | √ : 86194  | √ : 1532 |  √ : 5902 |  √ : 6349 | √ : 60617 |
|  nano_43.root |  360393  | 362167 | 1728435 | √ : 761880 | √ : 0 | √ : 2214 | √ : 2381 | √ : 87008  | √ : 1543 |  √ : 4698 |  √ : 5065 | √ : 60448 |
|  nano_44.root |  360393  | 362167 | 1728040 | √ : 765490 | √ : 0 | √ : 2272 | √ : 2448 | √ : 88485  | √ : 1545 |  √ : 5908 |  √ : 6366 | √ : 61627 |
|  nano_45.root |  360428  | 362167 | 1735297 | √ : 767138 | √ : 0 | √ : 2286 | √ : 2469 | √ : 89011  | √ : 1568 |  √ : 8718 |  √ : 9403 | √ : 61380 |
|  nano_46.root |  360400  | 362154 | 1729006 | √ : 764677 | √ : 0 | √ : 2157 | √ : 2315 | √ : 86976  | √ : 1463 |  √ : 4920 |  √ : 5302 | √ : 60842 |
|  nano_47.root |  360441  | 362166 | 1732465 | √ : 767980 | √ : 0 | √ : 2261 | √ : 2435 | √ : 88546  | √ : 1598 |  √ : 9347 | √ : 10103 | √ : 61478 |
|  nano_48.root |  360392  | 362167 | 1734146 | √ : 768442 | √ : 0 | √ : 2183 | √ : 2345 | √ : 87750  | √ : 1492 |  √ : 5146 |  √ : 5509 | √ : 61478 |
|  nano_49.root |  360413  | 362167 | 1733084 | √ : 768452 | √ : 0 | √ : 2220 | √ : 2364 | √ : 88332  | √ : 1568 |  √ : 7392 |  √ : 8049 | √ : 61635 |
|  nano_5.root  |  360459  | 362167 | 1753950 | √ : 776340 | √ : 0 | √ : 2296 | √ : 2460 | √ : 95325  | √ : 1628 |  √ : 9810 | √ : 10733 | √ : 64291 |
|  nano_50.root |  360390  | 362167 | 1736078 | √ : 773066 | √ : 0 | √ : 2287 | √ : 2462 | √ : 89573  | √ : 1527 |  √ : 4255 |  √ : 4644 | √ : 62364 |
|  nano_51.root |  360390  | 362167 | 1729864 | √ : 764444 | √ : 0 | √ : 2192 | √ : 2358 | √ : 86319  | √ : 1548 |  √ : 4704 |  √ : 5095 | √ : 60374 |
|  nano_52.root |  360796  | 362166 | 1726117 | √ : 767575 | √ : 0 | √ : 2182 | √ : 2336 | √ : 86832  | √ : 1522 |  √ : 8640 |  √ : 9347 | √ : 61158 |
|  nano_53.root |  360400  | 362167 | 1730767 | √ : 767669 | √ : 0 | √ : 2199 | √ : 2370 | √ : 87406  | √ : 1522 |  √ : 5168 |  √ : 5540 | √ : 61467 |
|  nano_54.root |  360435  | 362166 | 1731909 | √ : 769572 | √ : 0 | √ : 2259 | √ : 2417 | √ : 88107  | √ : 1547 |  √ : 6739 |  √ : 7286 | √ : 61381 |
|  nano_55.root |  360441  | 362167 | 1730122 | √ : 763044 | √ : 0 | √ : 2182 | √ : 2339 | √ : 87579  | √ : 1498 |  √ : 6441 |  √ : 6947 | √ : 61026 |
|  nano_56.root |  360390  | 362167 | 1733109 | √ : 770037 | √ : 0 | √ : 2222 | √ : 2384 | √ : 87474  | √ : 1541 |  √ : 9037 |  √ : 9712 | √ : 60848 |
|  nano_57.root |  360441  | 362167 | 1732281 | √ : 760410 | √ : 0 | √ : 2266 | √ : 2430 | √ : 87386  | √ : 1580 |  √ : 9611 | √ : 10281 | √ : 61041 |
|  nano_58.root |  360459  | 362167 | 1730019 | √ : 769159 | √ : 0 | √ : 2174 | √ : 2321 | √ : 86985  | √ : 1485 |  √ : 6908 |  √ : 7435 | √ : 61306 |
|  nano_59.root |  360428  | 362167 | 1727836 | √ : 764211 | √ : 0 | √ : 2316 | √ : 2485 | √ : 88039  | √ : 1669 |  √ : 8735 |  √ : 9403 | √ : 61507 |
|  nano_6.root  |  360490  | 362167 | 1742372 | √ : 769959 | √ : 0 | √ : 2306 | √ : 2486 | √ : 95645  | √ : 1689 |  √ : 9956 | √ : 10786 | √ : 63837 |
|  nano_60.root |  360459  | 362167 | 1722203 | √ : 760730 | √ : 0 | √ : 2242 | √ : 2424 | √ : 86733  | √ : 1511 | √ : 10274 | √ : 11039 | √ : 60534 |
|  nano_61.root |  360458  | 362167 | 1727788 | √ : 762572 | √ : 0 | √ : 2123 | √ : 2264 | √ : 86573  | √ : 1473 |  √ : 8339 |  √ : 8983 | √ : 61017 |
|  nano_62.root |  360438  | 362166 | 1726262 | √ : 767133 | √ : 0 | √ : 2177 | √ : 2344 | √ : 87668  | √ : 1459 |  √ : 7875 |  √ : 8449 | √ : 61500 |
|  nano_63.root |  360413  | 362167 | 1726239 | √ : 767114 | √ : 0 | √ : 2110 | √ : 2282 | √ : 86862  | √ : 1440 | √ : 11067 | √ : 11875 | √ : 61101 |
|  nano_64.root |  360413  | 362167 | 1729116 | √ : 767157 | √ : 0 | √ : 2236 | √ : 2413 | √ : 86391  | √ : 1538 | √ : 10330 | √ : 11102 | √ : 60958 |
|  nano_65.root |  360390  | 362167 | 1728942 | √ : 764251 | √ : 0 | √ : 2214 | √ : 2366 | √ : 87212  | √ : 1528 |  √ : 9988 | √ : 10849 | √ : 60780 |
|  nano_66.root |  360392  | 362167 | 1727751 | √ : 763059 | √ : 0 | √ : 2173 | √ : 2345 | √ : 88391  | √ : 1508 | √ : 13550 | √ : 14591 | √ : 61695 |
|  nano_67.root |  360393  | 362166 | 1727416 | √ : 764634 | √ : 0 | √ : 2212 | √ : 2373 | √ : 88063  | √ : 1560 | √ : 13890 | √ : 14849 | √ : 61605 |
|  nano_68.root |  360393  | 362167 | 1726233 | √ : 764528 | √ : 0 | √ : 2201 | √ : 2368 | √ : 87191  | √ : 1483 | √ : 11182 | √ : 11971 | √ : 61190 |
|  nano_69.root |  360458  | 362167 | 1725326 | √ : 764617 | √ : 0 | √ : 2216 | √ : 2381 | √ : 86923  | √ : 1554 | √ : 13366 | √ : 14396 | √ : 60849 |
|  nano_7.root  |  360400  | 362166 | 1753186 | √ : 769313 | √ : 0 | √ : 2297 | √ : 2453 | √ : 95117  | √ : 1593 | √ : 10193 | √ : 11163 | √ : 63919 |
|  nano_70.root |  360441  | 362166 | 1726950 | √ : 770525 | √ : 0 | √ : 2311 | √ : 2451 | √ : 87759  | √ : 1579 | √ : 15685 | √ : 16858 | √ : 61281 |
|  nano_71.root |  360392  | 362167 | 1725622 | √ : 770644 | √ : 0 | √ : 2188 | √ : 2332 | √ : 87090  | √ : 1498 | √ : 12999 | √ : 13959 | √ : 61552 |
|  nano_72.root |  360459  | 362167 | 1728511 | √ : 770768 | √ : 0 | √ : 2230 | √ : 2408 | √ : 87891  | √ : 1607 | √ : 10077 | √ : 10831 | √ : 61254 |
|  nano_73.root |  360390  | 362167 | 1723523 | √ : 768107 | √ : 0 | √ : 2149 | √ : 2300 | √ : 88353  | √ : 1483 | √ : 15089 | √ : 16178 | √ : 61583 |
|  nano_74.root |  360390  | 362167 | 1716837 | √ : 765277 | √ : 0 | √ : 2279 | √ : 2440 | √ : 88099  | √ : 1597 | √ : 17095 | √ : 18403 | √ : 61569 |
|  nano_75.root |  360393  | 362167 | 1726719 | √ : 769186 | √ : 0 | √ : 2194 | √ : 2364 | √ : 87877  | √ : 1501 | √ : 14545 | √ : 15690 | √ : 61198 |
|  nano_76.root |  360392  | 362167 | 1725026 | √ : 769528 | √ : 0 | √ : 2234 | √ : 2374 | √ : 88008  | √ : 1536 | √ : 13888 | √ : 15013 | √ : 61806 |
|  nano_77.root |  360392  | 362166 | 1726988 | √ : 771286 | √ : 0 | √ : 2267 | √ : 2439 | √ : 89179  | √ : 1636 |  √ : 9067 |  √ : 9735 | √ : 62418 |
|  nano_78.root |  360390  | 362167 | 1720343 | √ : 762809 | √ : 0 | √ : 2217 | √ : 2388 | √ : 88848  | √ : 1577 | √ : 12199 | √ : 13162 | √ : 61862 |
|  nano_79.root |  360392  | 362166 | 1724240 | √ : 771243 | √ : 0 | √ : 2248 | √ : 2439 | √ : 88994  | √ : 1584 | √ : 11970 | √ : 12898 | √ : 62072 |
|  nano_8.root  |  360390  | 362167 | 1752005 | √ : 785221 | √ : 0 | √ : 2361 | √ : 2544 | √ : 97104  | √ : 1680 |  √ : 7466 |  √ : 8072 | √ : 65183 |
|  nano_80.root |  360389  | 362167 | 1725702 | √ : 763846 | √ : 0 | √ : 2255 | √ : 2422 | √ : 88427  | √ : 1559 | √ : 10494 | √ : 11259 | √ : 61948 |
|  nano_81.root |  360390  | 362167 | 1727134 | √ : 769607 | √ : 0 | √ : 2338 | √ : 2502 | √ : 89293  | √ : 1647 | √ : 10928 | √ : 11873 | √ : 62173 |
|  nano_82.root |  360393  | 362167 | 1722077 | √ : 766348 | √ : 0 | √ : 2263 | √ : 2452 | √ : 88534  | √ : 1586 | √ : 13499 | √ : 14591 | √ : 61593 |
|  nano_83.root |  360389  | 362167 | 1729676 | √ : 755939 | √ : 0 | √ : 2216 | √ : 2376 | √ : 88055  | √ : 1536 | √ : 11074 | √ : 11921 | √ : 61158 |
|  nano_84.root |  360393  | 362167 | 1727008 | √ : 769081 | √ : 0 | √ : 2255 | √ : 2414 | √ : 89854  | √ : 1528 | √ : 13370 | √ : 14508 | √ : 62064 |
|  nano_85.root |  360390  | 362167 | 1725983 | √ : 761023 | √ : 0 | √ : 2110 | √ : 2269 | √ : 88821  | √ : 1479 | √ : 11395 | √ : 12359 | √ : 61804 |
|  nano_86.root |  360390  | 362161 | 1724004 | √ : 766936 | √ : 0 | √ : 2192 | √ : 2350 | √ : 89254  | √ : 1515 |  √ : 8540 |  √ : 9227 | √ : 62240 |
|  nano_87.root |  360400  | 362167 | 1724107 | √ : 770607 | √ : 0 | √ : 2265 | √ : 2404 | √ : 90119  | √ : 1568 |  √ : 9666 | √ : 10412 | √ : 62351 |
|  nano_88.root |  360390  | 362167 | 1722864 | √ : 761975 | √ : 0 | √ : 2211 | √ : 2364 | √ : 88694  | √ : 1526 |  √ : 9524 | √ : 10247 | √ : 61251 |
|  nano_89.root |  360390  | 362167 | 1727519 | √ : 762854 | √ : 0 | √ : 2222 | √ : 2407 | √ : 89762  | √ : 1532 |  √ : 8026 |  √ : 8635 | √ : 62645 |
|  nano_9.root  |  360437  | 362167 | 1754388 | √ : 777359 | √ : 0 | √ : 2397 | √ : 2574 | √ : 95451  | √ : 1650 |  √ : 5925 |  √ : 6417 | √ : 64685 |
|  nano_90.root |  360392  | 362167 | 1725584 | √ : 759980 | √ : 0 | √ : 2164 | √ : 2348 | √ : 90047  | √ : 1562 |  √ : 8954 |  √ : 9779 | √ : 62236 |
|  nano_91.root |  360390  | 362167 | 1727567 | √ : 766705 | √ : 0 | √ : 2202 | √ : 2367 | √ : 90574  | √ : 1601 |  √ : 9452 | √ : 10182 | √ : 62179 |
|  nano_92.root |  360390  | 362167 | 1730838 | √ : 773697 | √ : 0 | √ : 2308 | √ : 2459 | √ : 92116  | √ : 1578 |  √ : 9478 | √ : 10336 | √ : 63269 |
|  nano_93.root |  360390  | 362167 | 1731155 | √ : 769679 | √ : 0 | √ : 2309 | √ : 2466 | √ : 90292  | √ : 1602 |  √ : 6393 |  √ : 6831 | √ : 62301 |
|  nano_94.root |  360400  | 362167 | 1719447 | √ : 763727 | √ : 0 | √ : 2238 | √ : 2375 | √ : 89498  | √ : 1603 | √ : 11331 | √ : 12320 | √ : 61566 |
|  nano_95.root |  360393  | 362167 | 1723449 | √ : 763244 | √ : 0 | √ : 2129 | √ : 2288 | √ : 90034  | √ : 1492 |  √ : 8377 |  √ : 8997 | √ : 61603 |
|  nano_96.root |  360390  | 362167 | 1731020 | √ : 770323 | √ : 0 | √ : 2323 | √ : 2500 | √ : 92784  | √ : 1663 |  √ : 8263 |  √ : 8931 | √ : 63506 |
|  nano_97.root |  360390  | 362167 | 1736500 | √ : 771247 | √ : 0 | √ : 2251 | √ : 2419 | √ : 94328  | √ : 1574 |  √ : 7129 |  √ : 7666 | √ : 63983 |
|  nano_98.root |  360390  | 362167 | 1725943 | √ : 765207 | √ : 0 | √ : 2281 | √ : 2418 | √ : 89428  | √ : 1557 |  √ : 4551 |  √ : 4892 | √ : 62171 |
|  nano_99.root |  360400  | 362167 | 1713582 | √ : 758675 | √ : 0 | √ : 2201 | √ : 2342 | √ : 87087  | √ : 1506 |  √ : 3747 |  √ : 4025 | √ : 60776 |
+---------------+----------+--------+---------+------------+-------+----------+----------+------------+----------+-----------+-----------+-----------+
2024-07-17:18:02:30,299 INFO     [checkTriggers.py:244] ===> Dataset : /eos/cms/store/group/phys_higgs/HLepRare/skim_2024_v1/Run3_2022EE/EGamma_Run2022G
2024-07-17:18:10:54,495 INFO     [checkTriggers.py:282] 
+------------------------------------------------------------------------------------------------------------------------------------------+
|                                       EGamma_Run2022G : 18 files [HLT present? : nSelectedEvents]                                        |
+--------------+----------+--------+---------+------------+-------+----------+----------+-----------+----------+-------+-------+-----------+
|     File     | from run | to run | nEvents |   HLT_0    | HLT_1 |  HLT_2   |  HLT_3   |   HLT_4   |  HLT_5   | HLT_6 | HLT_7 |   HLT_8   |
+--------------+----------+--------+---------+------------+-------+----------+----------+-----------+----------+-------+-------+-----------+
| nano_0.root  |  362438  | 362760 | 1776906 | √ : 801251 | √ : 0 | √ : 2438 | √ : 2625 | √ : 99204 | √ : 1686 | √ : 0 | √ : 0 | √ : 65618 |
| nano_1.root  |  362433  | 362760 | 1761867 | √ : 794590 | √ : 0 | √ : 2369 | √ : 2551 | √ : 93742 | √ : 1630 | √ : 0 | √ : 0 | √ : 63951 |
| nano_10.root |  362439  | 362760 | 1737192 | √ : 784407 | √ : 0 | √ : 2177 | √ : 2332 | √ : 88017 | √ : 1487 | √ : 0 | √ : 0 | √ : 62335 |
| nano_11.root |  362439  | 362760 | 1736496 | √ : 786125 | √ : 0 | √ : 2154 | √ : 2325 | √ : 88487 | √ : 1498 | √ : 0 | √ : 0 | √ : 62855 |
| nano_12.root |  362439  | 362760 | 1738419 | √ : 789385 | √ : 0 | √ : 2316 | √ : 2496 | √ : 89442 | √ : 1588 | √ : 0 | √ : 0 | √ : 62500 |
| nano_13.root |  362433  | 362760 | 1727254 | √ : 788854 | √ : 0 | √ : 2276 | √ : 2436 | √ : 89501 | √ : 1551 | √ : 0 | √ : 0 | √ : 62089 |
| nano_14.root |  362437  | 362760 | 1721607 | √ : 786924 | √ : 0 | √ : 2266 | √ : 2423 | √ : 88644 | √ : 1556 | √ : 0 | √ : 0 | √ : 62003 |
| nano_15.root |  362433  | 362760 | 1710346 | √ : 774358 | √ : 0 | √ : 2208 | √ : 2361 | √ : 85681 | √ : 1530 | √ : 0 | √ : 0 | √ : 60302 |
| nano_16.root |  362433  | 362760 | 1705860 | √ : 771239 | √ : 0 | √ : 2174 | √ : 2334 | √ : 83949 | √ : 1488 | √ : 0 | √ : 0 | √ : 60021 |
| nano_17.root |  362437  | 362760 |  467168 | √ : 211653 | √ : 0 | √ : 630  | √ : 678  | √ : 23642 | √ : 452  | √ : 0 | √ : 0 | √ : 16633 |
| nano_2.root  |  362437  | 362760 | 1750866 | √ : 793690 | √ : 0 | √ : 2286 | √ : 2443 | √ : 90936 | √ : 1592 | √ : 0 | √ : 0 | √ : 62790 |
| nano_3.root  |  362439  | 362760 | 1751272 | √ : 790384 | √ : 0 | √ : 2188 | √ : 2368 | √ : 89784 | √ : 1565 | √ : 0 | √ : 0 | √ : 62574 |
| nano_4.root  |  362439  | 362760 | 1752183 | √ : 792587 | √ : 0 | √ : 2307 | √ : 2476 | √ : 90745 | √ : 1607 | √ : 0 | √ : 0 | √ : 62608 |
| nano_5.root  |  362433  | 362760 | 1753460 | √ : 786573 | √ : 0 | √ : 2352 | √ : 2517 | √ : 90078 | √ : 1616 | √ : 0 | √ : 0 | √ : 62076 |
| nano_6.root  |  362433  | 362760 | 1747451 | √ : 784102 | √ : 0 | √ : 2321 | √ : 2491 | √ : 90235 | √ : 1602 | √ : 0 | √ : 0 | √ : 62603 |
| nano_7.root  |  362438  | 362760 | 1745127 | √ : 778325 | √ : 0 | √ : 2286 | √ : 2451 | √ : 88738 | √ : 1577 | √ : 0 | √ : 0 | √ : 62323 |
| nano_8.root  |  362439  | 362760 | 1741222 | √ : 785954 | √ : 0 | √ : 2314 | √ : 2499 | √ : 88492 | √ : 1523 | √ : 0 | √ : 0 | √ : 62217 |
| nano_9.root  |  362438  | 362760 | 1744802 | √ : 787985 | √ : 0 | √ : 2199 | √ : 2381 | √ : 89361 | √ : 1544 | √ : 0 | √ : 0 | √ : 62819 |
+--------------+----------+--------+---------+------------+-------+----------+----------+-----------+----------+-------+-------+-----------+
