2024-07-17:14:32:22,764 INFO     [checkTriggers.py:31] PWD: /afs/cern.ch/work/g/gsaha/public/IPHC/Work/ProduceCmsdbCampaign
2024-07-17:14:32:22,765 INFO     [checkTriggers.py:205] Era: 2022
2024-07-17:14:32:22,765 INFO     [checkTriggers.py:206] Postfix: PreEE
2024-07-17:14:32:22,765 INFO     [checkTriggers.py:212] Trigger details: {'source': '/eos/cms/store/group/phys_higgs/HLepRare/skim_2024_v1/Run3_2022', 'targets_mc': ['/WtoLNu_amcatnloFXFX'], 'targets_data': ['/Tau_Run2022C', '/Tau_Run2022D', '/SingleMuon_Run2022C', '/Muon_Run2022C', '/Muon_Run2022D', '/EGamma_Run2022C', '/EGamma_Run2022D'], 'paths': ['HLT_Ele32_WPTight_Gsf', 'HLT_Ele27_WPTight_Gsf', 'HLT_IsoMu27', 'HLT_IsoMu24', 'HLT_Ele24_eta2p1_WPTight_Gsf_LooseDeepTauPFTauHPS30_eta2p1_CrossL1', 'HLT_IsoMu20_eta2p1_LooseDeepTauPFTauHPS27_eta2p1_CrossL1', 'HLT_DoubleMediumChargedIsoPFTauHPS40_Trk1_eta2p1', 'HLT_DoubleTightChargedIsoPFTauHPS35_Trk1_eta2p1', 'HLT_DoubleMediumDeepTauPFTauHPS35_L2NN_eta2p1']}
2024-07-17:14:32:22,765 INFO     [checkTriggers.py:215] MC targets: ['/eos/cms/store/group/phys_higgs/HLepRare/skim_2024_v1/Run3_2022/WtoLNu_amcatnloFXFX']
2024-07-17:14:32:22,765 INFO     [checkTriggers.py:217] DATA targets: ['/eos/cms/store/group/phys_higgs/HLepRare/skim_2024_v1/Run3_2022/Tau_Run2022C', '/eos/cms/store/group/phys_higgs/HLepRare/skim_2024_v1/Run3_2022/Tau_Run2022D', '/eos/cms/store/group/phys_higgs/HLepRare/skim_2024_v1/Run3_2022/SingleMuon_Run2022C', '/eos/cms/store/group/phys_higgs/HLepRare/skim_2024_v1/Run3_2022/Muon_Run2022C', '/eos/cms/store/group/phys_higgs/HLepRare/skim_2024_v1/Run3_2022/Muon_Run2022D', '/eos/cms/store/group/phys_higgs/HLepRare/skim_2024_v1/Run3_2022/EGamma_Run2022C', '/eos/cms/store/group/phys_higgs/HLepRare/skim_2024_v1/Run3_2022/EGamma_Run2022D']
2024-07-17:14:33:38,389 INFO     [checkTriggers.py:233] 
+--------------------------------------------------------------------+----+---------------+---------------+----------------------+----------------+----------------+------------------+------------------+
|                                HLT                                 | MC | /Tau_Run2022C | /Tau_Run2022D | /SingleMuon_Run2022C | /Muon_Run2022C | /Muon_Run2022D | /EGamma_Run2022C | /EGamma_Run2022D |
+--------------------------------------------------------------------+----+---------------+---------------+----------------------+----------------+----------------+------------------+------------------+
|                       HLT_Ele32_WPTight_Gsf                        | √  |       √       |       √       |          √           |       √        |       √        |        √         |        √         |
|                       HLT_Ele27_WPTight_Gsf                        | √  |       √       |       √       |          √           |       √        |       √        |        √         |        √         |
|                            HLT_IsoMu27                             | √  |       √       |       √       |          √           |       √        |       √        |        √         |        √         |
|                            HLT_IsoMu24                             | √  |       √       |       √       |          √           |       √        |       √        |        √         |        √         |
| HLT_Ele24_eta2p1_WPTight_Gsf_LooseDeepTauPFTauHPS30_eta2p1_CrossL1 | √  |       √       |       √       |          √           |       √        |       √        |        √         |        √         |
|      HLT_IsoMu20_eta2p1_LooseDeepTauPFTauHPS27_eta2p1_CrossL1      | √  |       √       |       √       |          √           |       √        |       √        |        √         |        √         |
|          HLT_DoubleMediumChargedIsoPFTauHPS40_Trk1_eta2p1          | √  |       √       |       X       |          √           |       X        |       X        |        √         |        X         |
|          HLT_DoubleTightChargedIsoPFTauHPS35_Trk1_eta2p1           | √  |       √       |       X       |          √           |       X        |       X        |        √         |        X         |
|           HLT_DoubleMediumDeepTauPFTauHPS35_L2NN_eta2p1            | √  |       √       |       √       |          √           |       √        |       √        |        √         |        √         |
+--------------------------------------------------------------------+----+---------------+---------------+----------------------+----------------+----------------+------------------+------------------+
2024-07-17:14:33:38,389 INFO     [checkTriggers.py:237] encode HLTs
2024-07-17:14:33:38,389 INFO     [checkTriggers.py:240] 0 : HLT_Ele32_WPTight_Gsf
2024-07-17:14:33:38,389 INFO     [checkTriggers.py:240] 1 : HLT_Ele27_WPTight_Gsf
2024-07-17:14:33:38,389 INFO     [checkTriggers.py:240] 2 : HLT_IsoMu27
2024-07-17:14:33:38,389 INFO     [checkTriggers.py:240] 3 : HLT_IsoMu24
2024-07-17:14:33:38,389 INFO     [checkTriggers.py:240] 4 : HLT_Ele24_eta2p1_WPTight_Gsf_LooseDeepTauPFTauHPS30_eta2p1_CrossL1
2024-07-17:14:33:38,389 INFO     [checkTriggers.py:240] 5 : HLT_IsoMu20_eta2p1_LooseDeepTauPFTauHPS27_eta2p1_CrossL1
2024-07-17:14:33:38,389 INFO     [checkTriggers.py:240] 6 : HLT_DoubleMediumChargedIsoPFTauHPS40_Trk1_eta2p1
2024-07-17:14:33:38,389 INFO     [checkTriggers.py:240] 7 : HLT_DoubleTightChargedIsoPFTauHPS35_Trk1_eta2p1
2024-07-17:14:33:38,389 INFO     [checkTriggers.py:240] 8 : HLT_DoubleMediumDeepTauPFTauHPS35_L2NN_eta2p1
2024-07-17:14:33:38,390 INFO     [checkTriggers.py:244] ===> Dataset : /eos/cms/store/group/phys_higgs/HLepRare/skim_2024_v1/Run3_2022/Tau_Run2022C
2024-07-17:14:37:36,925 INFO     [checkTriggers.py:282] 
+------------------------------------------------------------------------------------------------------------------------------------------------+
|                                            Tau_Run2022C : 10 files [HLT present? : nSelectedEvents]                                            |
+-------------+----------+--------+---------+------------+------------+----------+----------+------------+----------+-------+-------+------------+
|     File    | from run | to run | nEvents |   HLT_0    |   HLT_1    |  HLT_2   |  HLT_3   |   HLT_4    |  HLT_5   | HLT_6 | HLT_7 |   HLT_8    |
+-------------+----------+--------+---------+------------+------------+----------+----------+------------+----------+-------+-------+------------+
| nano_0.root |  355872  | 357332 | 1659477 | √ : 289277 | √ : 276400 | √ : 4023 | √ : 4138 | √ : 230796 | √ : 3084 | √ : 0 | √ : 0 | √ : 793438 |
| nano_1.root |  355872  | 357482 | 1683145 | √ : 287449 | √ : 141887 | √ : 4212 | √ : 4329 | √ : 232427 | √ : 3064 | √ : 0 | √ : 0 | √ : 808430 |
| nano_2.root |  355872  | 357479 | 1679682 | √ : 277484 | √ : 70383  | √ : 4076 | √ : 4177 | √ : 227052 | √ : 2971 | √ : 0 | √ : 0 | √ : 818829 |
| nano_3.root |  355912  | 357482 | 1690764 | √ : 264665 | √ : 20955  | √ : 3871 | √ : 3985 | √ : 216883 | √ : 2918 | √ : 0 | √ : 0 | √ : 820552 |
| nano_4.root |  355872  | 357482 | 1697444 | √ : 270933 | √ : 28555  | √ : 4127 | √ : 4233 | √ : 222007 | √ : 2980 | √ : 0 | √ : 0 | √ : 821924 |
| nano_5.root |  355862  | 357482 | 1694030 | √ : 292604 | √ : 74785  | √ : 4165 | √ : 4271 | √ : 240318 | √ : 3011 | √ : 0 | √ : 0 | √ : 806536 |
| nano_6.root |  355872  | 357479 | 1654375 | √ : 256766 | √ : 114534 | √ : 3752 | √ : 3865 | √ : 207705 | √ : 2770 | √ : 0 | √ : 0 | √ : 807577 |
| nano_7.root |  356523  | 357479 | 1651568 | √ : 234219 |  √ : 5952  | √ : 3649 | √ : 3758 | √ : 189803 | √ : 2689 |   X   |   X   | √ : 823585 |
| nano_8.root |  355872  | 357482 | 1674608 | √ : 263882 | √ : 23579  | √ : 3984 | √ : 4097 | √ : 215771 | √ : 2901 | √ : 0 | √ : 0 | √ : 813416 |
| nano_9.root |  355921  | 357479 |  289432 | √ : 43224  | √ : 17260  | √ : 600  | √ : 614  | √ : 35008  | √ : 453  | √ : 0 | √ : 0 | √ : 143409 |
+-------------+----------+--------+---------+------------+------------+----------+----------+------------+----------+-------+-------+------------+
2024-07-17:14:37:36,925 INFO     [checkTriggers.py:244] ===> Dataset : /eos/cms/store/group/phys_higgs/HLepRare/skim_2024_v1/Run3_2022/Tau_Run2022D
2024-07-17:14:40:04,661 INFO     [checkTriggers.py:282] 
+-------------------------------------------------------------------------------------------------------------------------------------------+
|                                          Tau_Run2022D : 6 files [HLT present? : nSelectedEvents]                                          |
+-------------+----------+--------+---------+------------+-------+----------+----------+------------+----------+-------+-------+------------+
|     File    | from run | to run | nEvents |   HLT_0    | HLT_1 |  HLT_2   |  HLT_3   |   HLT_4    |  HLT_5   | HLT_6 | HLT_7 |   HLT_8    |
+-------------+----------+--------+---------+------------+-------+----------+----------+------------+----------+-------+-------+------------+
| nano_0.root |  357542  | 357900 | 1683270 | √ : 235705 | √ : 0 | √ : 3807 | √ : 3891 | √ : 190993 | √ : 2797 |   X   |   X   | √ : 788212 |
| nano_1.root |  357540  | 357900 | 1699058 | √ : 239778 | √ : 0 | √ : 4026 | √ : 4140 | √ : 196186 | √ : 2924 |   X   |   X   | √ : 787190 |
| nano_2.root |  357542  | 357900 | 1697698 | √ : 234946 | √ : 0 | √ : 3945 | √ : 4055 | √ : 190439 | √ : 2772 |   X   |   X   | √ : 760641 |
| nano_3.root |  357538  | 357900 | 1662556 | √ : 216884 | √ : 0 | √ : 3598 | √ : 3711 | √ : 174395 | √ : 2610 |   X   |   X   | √ : 788198 |
| nano_4.root |  357539  | 357900 | 1677223 | √ : 221293 | √ : 0 | √ : 3735 | √ : 3836 | √ : 179857 | √ : 2724 |   X   |   X   | √ : 778893 |
| nano_5.root |  357542  | 357900 |  952008 | √ : 122602 | √ : 0 | √ : 2146 | √ : 2213 | √ : 99208  | √ : 1486 |   X   |   X   | √ : 426968 |
+-------------+----------+--------+---------+------------+-------+----------+----------+------------+----------+-------+-------+------------+
2024-07-17:14:40:04,661 INFO     [checkTriggers.py:244] ===> Dataset : /eos/cms/store/group/phys_higgs/HLepRare/skim_2024_v1/Run3_2022/SingleMuon_Run2022C
2024-07-17:14:41:48,722 INFO     [checkTriggers.py:282] 
+-------------------------------------------------------------------------------------------------------------------------------------------+
|                                       SingleMuon_Run2022C : 4 files [HLT present? : nSelectedEvents]                                      |
+-------------+----------+--------+---------+----------+----------+------------+------------+---------+-----------+-------+-------+---------+
|     File    | from run | to run | nEvents |  HLT_0   |  HLT_1   |   HLT_2    |   HLT_3    |  HLT_4  |   HLT_5   | HLT_6 | HLT_7 |  HLT_8  |
+-------------+----------+--------+---------+----------+----------+------------+------------+---------+-----------+-------+-------+---------+
| nano_0.root |  355872  | 356386 | 2158534 | √ : 4208 | √ : 4736 | √ : 674741 | √ : 804316 | √ : 250 | √ : 33240 | √ : 0 | √ : 0 | √ : 991 |
| nano_1.root |  355862  | 356386 | 2159078 | √ : 4132 | √ : 4678 | √ : 674361 | √ : 804009 | √ : 223 | √ : 32794 | √ : 0 | √ : 0 | √ : 974 |
| nano_2.root |  355862  | 356386 | 2147813 | √ : 4253 | √ : 4757 | √ : 669941 | √ : 798415 | √ : 220 | √ : 33068 | √ : 0 | √ : 0 | √ : 888 |
| nano_3.root |  355870  | 356386 | 1517705 | √ : 2940 | √ : 3345 | √ : 473911 | √ : 565166 | √ : 155 | √ : 23310 | √ : 0 | √ : 0 | √ : 677 |
+-------------+----------+--------+---------+----------+----------+------------+------------+---------+-----------+-------+-------+---------+
2024-07-17:14:41:48,722 INFO     [checkTriggers.py:244] ===> Dataset : /eos/cms/store/group/phys_higgs/HLepRare/skim_2024_v1/Run3_2022/Muon_Run2022C
2024-07-17:14:51:24,052 INFO     [checkTriggers.py:282] 
+----------------------------------------------------------------------------------------------------------------------------------------------+
|                                          Muon_Run2022C : 28 files [HLT present? : nSelectedEvents]                                           |
+--------------+----------+--------+---------+----------+----------+------------+-------------+---------+-----------+-------+-------+----------+
|     File     | from run | to run | nEvents |  HLT_0   |  HLT_1   |   HLT_2    |    HLT_3    |  HLT_4  |   HLT_5   | HLT_6 | HLT_7 |  HLT_8   |
+--------------+----------+--------+---------+----------+----------+------------+-------------+---------+-----------+-------+-------+----------+
| nano_0.root  |  356467  | 357482 | 2186094 | √ : 5057 | √ : 1502 | √ : 860593 | √ : 1026513 | √ : 307 | √ : 41046 |   X   |   X   | √ : 1012 |
| nano_1.root  |  356467  | 357482 | 2189027 | √ : 4967 | √ : 1389 | √ : 881777 | √ : 1053108 | √ : 306 | √ : 40989 |   X   |   X   | √ : 1125 |
| nano_10.root |  356471  | 357479 | 2171475 | √ : 4393 | √ : 780  | √ : 904055 | √ : 1080847 | √ : 273 | √ : 38726 |   X   |   X   | √ : 1121 |
| nano_11.root |  356427  | 357482 | 2172819 | √ : 4503 | √ : 1171 | √ : 903495 | √ : 1080165 | √ : 277 | √ : 39541 |   X   |   X   | √ : 1140 |
| nano_12.root |  356428  | 357482 | 2177045 | √ : 4593 | √ : 1945 | √ : 877375 | √ : 1048037 | √ : 273 | √ : 38691 |   X   |   X   | √ : 1125 |
| nano_13.root |  356428  | 357482 | 2172539 | √ : 4510 | √ : 2053 | √ : 890778 | √ : 1064458 | √ : 291 | √ : 39313 |   X   |   X   | √ : 1161 |
| nano_14.root |  356434  | 357482 | 2166473 | √ : 4466 | √ : 1125 | √ : 884687 | √ : 1057045 | √ : 262 | √ : 39153 |   X   |   X   | √ : 1174 |
| nano_15.root |  356428  | 357479 | 2165247 | √ : 4631 | √ : 2311 | √ : 849858 | √ : 1015085 | √ : 268 | √ : 38148 |   X   |   X   | √ : 1066 |
| nano_16.root |  356428  | 357482 | 2171243 | √ : 4639 | √ : 2115 | √ : 863857 | √ : 1032617 | √ : 257 | √ : 38473 |   X   |   X   | √ : 1100 |
| nano_17.root |  356428  | 357482 | 2164791 | √ : 4564 | √ : 1764 | √ : 835197 |  √ : 998362 | √ : 275 | √ : 37162 |   X   |   X   | √ : 1087 |
| nano_18.root |  356426  | 357479 | 2162160 | √ : 4543 | √ : 1533 | √ : 839266 | √ : 1002787 | √ : 240 | √ : 37175 |   X   |   X   | √ : 1122 |
| nano_19.root |  356428  | 357482 | 2170343 | √ : 4549 | √ : 2164 | √ : 839328 | √ : 1003337 | √ : 267 | √ : 37139 |   X   |   X   | √ : 1086 |
| nano_2.root  |  356426  | 357482 | 2184127 | √ : 4777 | √ : 1651 | √ : 848731 | √ : 1013035 | √ : 265 | √ : 38767 |   X   |   X   | √ : 1082 |
| nano_20.root |  356428  | 357482 | 2175748 | √ : 4582 | √ : 2003 | √ : 839101 | √ : 1002565 | √ : 299 | √ : 37146 |   X   |   X   | √ : 1039 |
| nano_21.root |  356426  | 357482 | 2172284 | √ : 4363 | √ : 1914 | √ : 794381 |  √ : 949661 | √ : 256 | √ : 35129 |   X   |   X   | √ : 1019 |
| nano_22.root |  356428  | 357482 | 2179746 | √ : 4469 | √ : 1810 | √ : 830798 |  √ : 992017 | √ : 256 | √ : 36805 |   X   |   X   | √ : 1035 |
| nano_23.root |  356428  | 357482 | 2183667 | √ : 4422 | √ : 2273 | √ : 793603 |  √ : 947694 | √ : 248 | √ : 34290 |   X   |   X   | √ : 994  |
| nano_24.root |  356428  | 357482 | 2211616 | √ : 4494 | √ : 1994 | √ : 833343 |  √ : 995628 | √ : 263 | √ : 35220 |   X   |   X   | √ : 870  |
| nano_25.root |  356426  | 357482 | 2223223 | √ : 4424 | √ : 899  | √ : 909462 | √ : 1087481 | √ : 269 | √ : 35530 |   X   |   X   | √ : 863  |
| nano_26.root |  356433  | 357482 | 2159758 | √ : 4412 | √ : 451  | √ : 894068 | √ : 1069512 | √ : 308 | √ : 38161 |   X   |   X   | √ : 1205 |
| nano_27.root |  356427  | 357482 | 1222043 | √ : 2553 | √ : 500  | √ : 493051 |  √ : 589342 | √ : 183 | √ : 21618 |   X   |   X   | √ : 648  |
| nano_3.root  |  356428  | 357482 | 2177991 | √ : 4525 | √ : 1495 | √ : 859700 | √ : 1027050 | √ : 292 | √ : 38289 |   X   |   X   | √ : 1109 |
| nano_4.root  |  356428  | 357482 | 2188893 | √ : 4482 | √ : 1529 | √ : 864842 | √ : 1033319 | √ : 279 | √ : 37034 |   X   |   X   | √ : 1056 |
| nano_5.root  |  356428  | 357479 | 2181509 | √ : 4354 | √ : 1260 | √ : 880923 | √ : 1053753 | √ : 267 | √ : 36832 |   X   |   X   | √ : 1111 |
| nano_6.root  |  356426  | 357479 | 2164321 | √ : 4313 | √ : 1043 | √ : 873444 | √ : 1045245 | √ : 264 | √ : 37512 |   X   |   X   | √ : 1195 |
| nano_7.root  |  356428  | 357482 | 2178400 | √ : 4231 | √ : 636  | √ : 887069 | √ : 1060425 | √ : 289 | √ : 37844 |   X   |   X   | √ : 1183 |
| nano_8.root  |  356426  | 357482 | 2175154 | √ : 4458 | √ : 952  | √ : 890198 | √ : 1065047 | √ : 285 | √ : 37841 |   X   |   X   | √ : 1182 |
| nano_9.root  |  356446  | 357482 | 2172915 | √ : 4472 | √ : 1113 | √ : 887534 | √ : 1061652 | √ : 308 | √ : 38372 |   X   |   X   | √ : 1149 |
+--------------+----------+--------+---------+----------+----------+------------+-------------+---------+-----------+-------+-------+----------+
2024-07-17:14:51:24,052 INFO     [checkTriggers.py:244] ===> Dataset : /eos/cms/store/group/phys_higgs/HLepRare/skim_2024_v1/Run3_2022/Muon_Run2022D
2024-07-17:15:03:18,152 INFO     [checkTriggers.py:282] 
+-------------------------------------------------------------------------------------------------------------------------------------------+
|                                         Muon_Run2022D : 16 files [HLT present? : nSelectedEvents]                                         |
+--------------+----------+--------+---------+----------+-------+------------+-------------+---------+-----------+-------+-------+----------+
|     File     | from run | to run | nEvents |  HLT_0   | HLT_1 |   HLT_2    |    HLT_3    |  HLT_4  |   HLT_5   | HLT_6 | HLT_7 |  HLT_8   |
+--------------+----------+--------+---------+----------+-------+------------+-------------+---------+-----------+-------+-------+----------+
| nano_0.root  |  357538  | 357900 | 2195940 | √ : 4658 | √ : 0 | √ : 940205 | √ : 1125047 | √ : 297 | √ : 44601 |   X   |   X   | √ : 1151 |
| nano_1.root  |  357610  | 357900 | 2199924 | √ : 4463 | √ : 0 | √ : 938745 | √ : 1122212 | √ : 313 | √ : 44713 |   X   |   X   | √ : 1205 |
| nano_10.root |  357542  | 357900 | 2172218 | √ : 4076 | √ : 0 | √ : 929045 | √ : 1107732 | √ : 272 | √ : 41455 |   X   |   X   | √ : 1258 |
| nano_11.root |  357542  | 357900 | 2179390 | √ : 4242 | √ : 0 | √ : 935094 | √ : 1120156 | √ : 279 | √ : 41677 |   X   |   X   | √ : 1306 |
| nano_12.root |  357540  | 357900 | 2179764 | √ : 4136 | √ : 0 | √ : 935226 | √ : 1117272 | √ : 321 | √ : 42859 |   X   |   X   | √ : 1209 |
| nano_13.root |  357539  | 357900 | 2176298 | √ : 4085 | √ : 0 | √ : 925904 | √ : 1109314 | √ : 302 | √ : 40869 |   X   |   X   | √ : 1251 |
| nano_14.root |  357538  | 357900 | 2159826 | √ : 3884 | √ : 0 | √ : 922422 | √ : 1105351 | √ : 303 | √ : 41040 |   X   |   X   | √ : 1202 |
| nano_15.root |  357542  | 357900 |  613293 | √ : 1153 | √ : 0 | √ : 263631 |  √ : 316575 |  √ : 90 | √ : 11747 |   X   |   X   | √ : 330  |
| nano_2.root  |  357538  | 357900 | 2192838 | √ : 4217 | √ : 0 | √ : 929804 | √ : 1112728 | √ : 324 | √ : 42734 |   X   |   X   | √ : 1311 |
| nano_3.root  |  357542  | 357900 | 2176951 | √ : 4321 | √ : 0 | √ : 922580 | √ : 1102976 | √ : 292 | √ : 39227 |   X   |   X   | √ : 1310 |
| nano_4.root  |  357542  | 357900 | 2165497 | √ : 4004 | √ : 0 | √ : 926725 | √ : 1110170 | √ : 228 | √ : 39671 |   X   |   X   | √ : 1264 |
| nano_5.root  |  357542  | 357900 | 2177619 | √ : 4047 | √ : 0 | √ : 929612 | √ : 1107893 | √ : 263 | √ : 39715 |   X   |   X   | √ : 1342 |
| nano_6.root  |  357542  | 357900 | 2168567 | √ : 4240 | √ : 0 | √ : 929960 | √ : 1112892 | √ : 314 | √ : 40618 |   X   |   X   | √ : 1282 |
| nano_7.root  |  357542  | 357900 | 2175310 | √ : 4249 | √ : 0 | √ : 930216 | √ : 1113020 | √ : 307 | √ : 40792 |   X   |   X   | √ : 1315 |
| nano_8.root  |  357538  | 357900 | 2175272 | √ : 4205 | √ : 0 | √ : 933115 | √ : 1117561 | √ : 287 | √ : 41127 |   X   |   X   | √ : 1206 |
| nano_9.root  |  357538  | 357900 | 2174588 | √ : 4238 | √ : 0 | √ : 930644 | √ : 1111017 | √ : 264 | √ : 41195 |   X   |   X   | √ : 1280 |
+--------------+----------+--------+---------+----------+-------+------------+-------------+---------+-----------+-------+-------+----------+
2024-07-17:15:03:18,152 INFO     [checkTriggers.py:244] ===> Dataset : /eos/cms/store/group/phys_higgs/HLepRare/skim_2024_v1/Run3_2022/EGamma_Run2022C
2024-07-17:15:21:49,782 INFO     [checkTriggers.py:282] 
+-----------------------------------------------------------------------------------------------------------------------------------------------+
|                                          EGamma_Run2022C : 46 files [HLT present? : nSelectedEvents]                                          |
+--------------+----------+--------+---------+------------+------------+----------+----------+-----------+----------+-------+-------+-----------+
|     File     | from run | to run | nEvents |   HLT_0    |   HLT_1    |  HLT_2   |  HLT_3   |   HLT_4   |  HLT_5   | HLT_6 | HLT_7 |   HLT_8   |
+--------------+----------+--------+---------+------------+------------+----------+----------+-----------+----------+-------+-------+-----------+
| nano_0.root  |  356381  | 357482 | 1740426 | √ : 709854 |  √ : 7348  | √ : 2228 | √ : 2409 | √ : 78068 | √ : 1399 | √ : 0 | √ : 0 | √ : 47504 |
| nano_1.root  |  355921  | 357482 | 1773210 | √ : 775913 | √ : 16563  | √ : 2319 | √ : 2493 | √ : 86045 | √ : 1512 | √ : 0 | √ : 0 | √ : 52998 |
| nano_10.root |  355872  | 357482 | 1775234 | √ : 755927 | √ : 193268 | √ : 2117 | √ : 2296 | √ : 78053 | √ : 1348 | √ : 0 | √ : 0 | √ : 47772 |
| nano_11.root |  355870  | 357482 | 1774430 | √ : 762518 | √ : 177526 | √ : 2131 | √ : 2301 | √ : 79464 | √ : 1437 | √ : 0 | √ : 0 | √ : 48347 |
| nano_12.root |  355870  | 357482 | 1782281 | √ : 761295 | √ : 251768 | √ : 2195 | √ : 2373 | √ : 78606 | √ : 1423 | √ : 0 | √ : 0 | √ : 47839 |
| nano_13.root |  355996  | 357479 | 1776807 | √ : 731638 | √ : 304393 | √ : 2204 | √ : 2382 | √ : 74190 | √ : 1337 | √ : 0 | √ : 0 | √ : 45062 |
| nano_14.root |  355872  | 357479 | 1778534 | √ : 733336 | √ : 281053 | √ : 2146 | √ : 2301 | √ : 74790 | √ : 1320 | √ : 0 | √ : 0 | √ : 45385 |
| nano_15.root |  355870  | 357482 | 1773082 | √ : 747682 | √ : 249632 | √ : 2216 | √ : 2389 | √ : 76979 | √ : 1378 | √ : 0 | √ : 0 | √ : 46809 |
| nano_16.root |  355921  | 357479 | 1770842 | √ : 715482 | √ : 305084 | √ : 2098 | √ : 2273 | √ : 71778 | √ : 1303 | √ : 0 | √ : 0 | √ : 44134 |
| nano_17.root |  355872  | 357482 | 1766078 | √ : 739990 | √ : 228349 | √ : 2201 | √ : 2385 | √ : 76388 | √ : 1354 | √ : 0 | √ : 0 | √ : 46728 |
| nano_18.root |  355872  | 357482 | 1778385 | √ : 726947 | √ : 303891 | √ : 2156 | √ : 2304 | √ : 73655 | √ : 1360 | √ : 0 | √ : 0 | √ : 45104 |
| nano_19.root |  355870  | 357479 | 1767386 | √ : 730044 | √ : 271079 | √ : 2188 | √ : 2343 | √ : 75173 | √ : 1348 | √ : 0 | √ : 0 | √ : 45965 |
| nano_2.root  |  355871  | 357482 | 1772560 | √ : 778652 | √ : 10863  | √ : 2299 | √ : 2476 | √ : 85453 | √ : 1471 | √ : 0 | √ : 0 | √ : 52258 |
| nano_20.root |  355872  | 357482 | 1772047 | √ : 716472 | √ : 331084 | √ : 2176 | √ : 2349 | √ : 72404 | √ : 1368 | √ : 0 | √ : 0 | √ : 43983 |
| nano_21.root |  355870  | 357482 | 1769666 | √ : 710495 | √ : 321024 | √ : 2156 | √ : 2306 | √ : 71830 | √ : 1286 | √ : 0 | √ : 0 | √ : 43986 |
| nano_22.root |  355865  | 357482 | 1773315 | √ : 755951 | √ : 217842 | √ : 2124 | √ : 2296 | √ : 78260 | √ : 1347 | √ : 0 | √ : 0 | √ : 48146 |
| nano_23.root |  355872  | 357482 | 1775282 | √ : 733091 | √ : 286815 | √ : 2162 | √ : 2325 | √ : 75782 | √ : 1366 | √ : 0 | √ : 0 | √ : 46105 |
| nano_24.root |  355872  | 357479 | 1766165 | √ : 708995 | √ : 348033 | √ : 2146 | √ : 2296 | √ : 71540 | √ : 1301 | √ : 0 | √ : 0 | √ : 43408 |
| nano_25.root |  355872  | 357482 | 1766990 | √ : 688559 | √ : 377232 | √ : 2078 | √ : 2249 | √ : 69634 | √ : 1254 | √ : 0 | √ : 0 | √ : 42348 |
| nano_26.root |  355872  | 357482 | 1773062 | √ : 706314 | √ : 353332 | √ : 2123 | √ : 2291 | √ : 72677 | √ : 1309 | √ : 0 | √ : 0 | √ : 43840 |
| nano_27.root |  355871  | 357482 | 1761175 | √ : 698216 | √ : 316596 | √ : 2064 | √ : 2243 | √ : 70401 | √ : 1231 | √ : 0 | √ : 0 | √ : 42966 |
| nano_28.root |  355872  | 357482 | 1767647 | √ : 692861 | √ : 374439 | √ : 2054 | √ : 2215 | √ : 69215 | √ : 1234 | √ : 0 | √ : 0 | √ : 41990 |
| nano_29.root |  355862  | 357482 | 1767060 | √ : 685008 | √ : 434118 | √ : 2099 | √ : 2263 | √ : 68553 | √ : 1268 | √ : 0 | √ : 0 | √ : 41459 |
| nano_3.root  |  356381  | 357482 | 1777988 | √ : 788651 | √ : 23227  | √ : 2321 | √ : 2503 | √ : 86621 | √ : 1509 | √ : 0 | √ : 0 | √ : 53175 |
| nano_30.root |  355872  | 357482 | 1761384 | √ : 653880 | √ : 496602 | √ : 1994 | √ : 2168 | √ : 63730 | √ : 1178 | √ : 0 | √ : 0 | √ : 38710 |
| nano_31.root |  355872  | 357482 | 1763674 | √ : 648644 | √ : 510896 | √ : 2026 | √ : 2173 | √ : 63268 | √ : 1232 | √ : 0 | √ : 0 | √ : 38203 |
| nano_32.root |  355862  | 357482 | 1764114 | √ : 645097 | √ : 562016 | √ : 2130 | √ : 2279 | √ : 63890 | √ : 1335 | √ : 0 | √ : 0 | √ : 38339 |
| nano_33.root |  355872  | 357482 | 1760538 | √ : 624468 | √ : 581102 | √ : 2116 | √ : 2278 | √ : 61828 | √ : 1250 | √ : 0 | √ : 0 | √ : 36869 |
| nano_34.root |  355870  | 357482 | 1757989 | √ : 628436 | √ : 574297 | √ : 2049 | √ : 2213 | √ : 61110 | √ : 1253 | √ : 0 | √ : 0 | √ : 36927 |
| nano_35.root |  355870  | 357482 | 1760129 | √ : 625732 | √ : 609028 | √ : 2072 | √ : 2244 | √ : 60179 | √ : 1229 | √ : 0 | √ : 0 | √ : 35742 |
| nano_36.root |  355863  | 357482 | 1769753 | √ : 639764 | √ : 602352 | √ : 2041 | √ : 2205 | √ : 61779 | √ : 1125 | √ : 0 | √ : 0 | √ : 36548 |
| nano_37.root |  355870  | 357482 | 1768362 | √ : 654709 | √ : 521211 | √ : 2026 | √ : 2216 | √ : 64650 | √ : 1214 | √ : 0 | √ : 0 | √ : 38608 |
| nano_38.root |  355862  | 357482 | 1761983 | √ : 616531 | √ : 591970 | √ : 2046 | √ : 2214 | √ : 59970 | √ : 1228 | √ : 0 | √ : 0 | √ : 35845 |
| nano_39.root |  355870  | 357482 | 1753900 | √ : 608902 | √ : 590963 | √ : 1942 | √ : 2119 | √ : 59290 | √ : 1142 | √ : 0 | √ : 0 | √ : 35545 |
| nano_4.root  |  355912  | 357482 | 1780416 | √ : 797559 | √ : 36764  | √ : 2245 | √ : 2430 | √ : 86092 | √ : 1473 | √ : 0 | √ : 0 | √ : 53049 |
| nano_40.root |  355862  | 357482 | 1762410 | √ : 617990 | √ : 599097 | √ : 2038 | √ : 2207 | √ : 60006 | √ : 1193 | √ : 0 | √ : 0 | √ : 36179 |
| nano_41.root |  355862  | 357482 | 1757971 | √ : 624352 | √ : 551854 | √ : 2107 | √ : 2297 | √ : 62642 | √ : 1226 | √ : 0 | √ : 0 | √ : 37781 |
| nano_42.root |  355872  | 357482 | 1745543 | √ : 630505 | √ : 518126 | √ : 2131 | √ : 2296 | √ : 62697 | √ : 1245 | √ : 0 | √ : 0 | √ : 37973 |
| nano_43.root |  355865  | 357482 | 1752312 | √ : 671312 | √ : 395240 | √ : 2003 | √ : 2177 | √ : 69135 | √ : 1183 | √ : 0 | √ : 0 | √ : 42012 |
| nano_44.root |  355862  | 357482 | 1755172 | √ : 703761 | √ : 297312 | √ : 2063 | √ : 2229 | √ : 72798 | √ : 1261 | √ : 0 | √ : 0 | √ : 44714 |
| nano_45.root |  355870  | 357482 | 1690219 | √ : 672697 | √ : 334627 | √ : 1930 | √ : 2082 | √ : 67766 | √ : 1213 | √ : 0 | √ : 0 | √ : 41464 |
| nano_5.root  |  355892  | 357482 | 1785233 | √ : 802621 | √ : 68944  | √ : 2307 | √ : 2471 | √ : 86908 | √ : 1516 | √ : 0 | √ : 0 | √ : 52874 |
| nano_6.root  |  356071  | 357482 | 1774180 | √ : 788760 | √ : 51845  | √ : 2223 | √ : 2396 | √ : 83825 | √ : 1495 | √ : 0 | √ : 0 | √ : 51919 |
| nano_7.root  |  355872  | 357482 | 1767676 | √ : 769573 | √ : 102915 | √ : 2214 | √ : 2396 | √ : 80115 | √ : 1394 | √ : 0 | √ : 0 | √ : 49333 |
| nano_8.root  |  355872  | 357482 | 1781050 | √ : 784260 | √ : 108655 | √ : 2191 | √ : 2353 | √ : 82519 | √ : 1380 | √ : 0 | √ : 0 | √ : 50400 |
| nano_9.root  |  355872  | 357479 | 1779178 | √ : 761390 | √ : 205751 | √ : 2283 | √ : 2422 | √ : 79297 | √ : 1430 | √ : 0 | √ : 0 | √ : 47840 |
+--------------+----------+--------+---------+------------+------------+----------+----------+-----------+----------+-------+-------+-----------+
2024-07-17:15:21:49,782 INFO     [checkTriggers.py:244] ===> Dataset : /eos/cms/store/group/phys_higgs/HLepRare/skim_2024_v1/Run3_2022/EGamma_Run2022D
2024-07-17:15:27:28,153 INFO     [checkTriggers.py:282] 
+------------------------------------------------------------------------------------------------------------------------------------------+
|                                       EGamma_Run2022D : 18 files [HLT present? : nSelectedEvents]                                        |
+--------------+----------+--------+---------+------------+-------+----------+----------+-----------+----------+-------+-------+-----------+
|     File     | from run | to run | nEvents |   HLT_0    | HLT_1 |  HLT_2   |  HLT_3   |   HLT_4   |  HLT_5   | HLT_6 | HLT_7 |   HLT_8   |
+--------------+----------+--------+---------+------------+-------+----------+----------+-----------+----------+-------+-------+-----------+
| nano_0.root  |  357542  | 357900 | 1826848 | √ : 762903 | √ : 0 | √ : 2588 | √ : 2789 | √ : 99789 | √ : 1633 |   X   |   X   | √ : 59046 |
| nano_1.root  |  357542  | 357900 | 1821621 | √ : 756594 | √ : 0 | √ : 2620 | √ : 2795 | √ : 95449 | √ : 1623 |   X   |   X   | √ : 57790 |
| nano_10.root |  357542  | 357900 | 1801706 | √ : 765821 | √ : 0 | √ : 2554 | √ : 2739 | √ : 93179 | √ : 1587 |   X   |   X   | √ : 57360 |
| nano_11.root |  357542  | 357900 | 1802916 | √ : 770746 | √ : 0 | √ : 2516 | √ : 2679 | √ : 91727 | √ : 1600 |   X   |   X   | √ : 56626 |
| nano_12.root |  357538  | 357900 | 1798024 | √ : 765833 | √ : 0 | √ : 2526 | √ : 2714 | √ : 91627 | √ : 1584 |   X   |   X   | √ : 56747 |
| nano_13.root |  357538  | 357900 | 1796419 | √ : 767213 | √ : 0 | √ : 2435 | √ : 2645 | √ : 90864 | √ : 1575 |   X   |   X   | √ : 56233 |
| nano_14.root |  357538  | 357900 | 1781794 | √ : 762093 | √ : 0 | √ : 2436 | √ : 2624 | √ : 88199 | √ : 1575 |   X   |   X   | √ : 55937 |
| nano_15.root |  357538  | 357900 | 1774232 | √ : 755040 | √ : 0 | √ : 2384 | √ : 2569 | √ : 86099 | √ : 1553 |   X   |   X   | √ : 54753 |
| nano_16.root |  357542  | 357900 | 1753654 | √ : 746513 | √ : 0 | √ : 2361 | √ : 2549 | √ : 86183 | √ : 1491 |   X   |   X   | √ : 54139 |
| nano_17.root |  357539  | 357900 | 1552222 | √ : 661954 | √ : 0 | √ : 2073 | √ : 2214 | √ : 76776 | √ : 1377 |   X   |   X   | √ : 48199 |
| nano_2.root  |  357542  | 357900 | 1828167 | √ : 762040 | √ : 0 | √ : 2633 | √ : 2827 | √ : 96229 | √ : 1631 |   X   |   X   | √ : 58362 |
| nano_3.root  |  357538  | 357899 | 1814297 | √ : 768173 | √ : 0 | √ : 2402 | √ : 2599 | √ : 91879 | √ : 1529 |   X   |   X   | √ : 57584 |
| nano_4.root  |  357538  | 357899 | 1800068 | √ : 761984 | √ : 0 | √ : 2517 | √ : 2688 | √ : 89914 | √ : 1625 |   X   |   X   | √ : 56602 |
| nano_5.root  |  357542  | 357899 | 1791412 | √ : 760668 | √ : 0 | √ : 2360 | √ : 2518 | √ : 88233 | √ : 1472 |   X   |   X   | √ : 55699 |
| nano_6.root  |  357539  | 357900 | 1799914 | √ : 765970 | √ : 0 | √ : 2373 | √ : 2527 | √ : 89747 | √ : 1473 |   X   |   X   | √ : 56203 |
| nano_7.root  |  357538  | 357900 | 1804453 | √ : 767874 | √ : 0 | √ : 2507 | √ : 2679 | √ : 92335 | √ : 1646 |   X   |   X   | √ : 57611 |
| nano_8.root  |  357542  | 357900 | 1804910 | √ : 768619 | √ : 0 | √ : 2505 | √ : 2672 | √ : 91518 | √ : 1632 |   X   |   X   | √ : 57103 |
| nano_9.root  |  357542  | 357900 | 1807915 | √ : 771103 | √ : 0 | √ : 2467 | √ : 2640 | √ : 91524 | √ : 1580 |   X   |   X   | √ : 57150 |
+--------------+----------+--------+---------+------------+-------+----------+----------+-----------+----------+-------+-------+-----------+
